#
# There is insufficient memory for the Java Runtime Environment to continue.
# Native memory allocation (mmap) failed to map 132120576 bytes for Failed to commit area from 0x0000000083600000 to 0x000000008b400000 of length 132120576.
# Possible reasons:
#   The system is out of physical RAM or swap space
#   The process is running with CompressedOops enabled, and the Java Heap may be blocking the growth of the native heap
# Possible solutions:
#   Reduce memory load on the system
#   Increase physical memory or swap space
#   Check if swap backing store is full
#   Decrease Java heap size (-Xmx/-Xms)
#   Decrease number of Java threads
#   Decrease Java thread stack sizes (-Xss)
#   Set larger code cache with -XX:ReservedCodeCacheSize=
# This output file may be truncated or incomplete.
#
#  Out of Memory Error (./src/hotspot/os/windows/os_windows.cpp:3301), pid=20564, tid=4600
#
# JRE version:  (11.0.10) (build )
# Java VM: OpenJDK 64-Bit Server VM (11.0.10+0-b96-7249189, mixed mode, sharing, tiered, compressed oops, g1 gc, windows-amd64)
# No core dump will be written. Minidumps are not enabled by default on client versions of Windows
#

---------------  S U M M A R Y ------------

Command Line: org.jetbrains.kotlin.cli.jvm.K2JVMCompiler @C:\Users\82108\AndroidStudioProjects\fish\app\build\20211227_3710704951570969260.compiler.options

Host: Intel(R) Core(TM) i5-10210U CPU @ 1.60GHz, 8 cores, 7G,  Windows 10 , 64 bit Build 19041 (10.0.19041.1348)
Time: Mon Dec 27 18:46:48 2021 대한민국 표준시 elapsed time: 0.014913 seconds (0d 0h 0m 0s)

---------------  T H R E A D  ---------------

Current thread (0x00000190be5bb000):  JavaThread "Unknown thread" [_thread_in_vm, id=4600, stack(0x0000000dc4d00000,0x0000000dc4e00000)]

Stack: [0x0000000dc4d00000,0x0000000dc4e00000]
Native frames: (J=compiled Java code, j=interpreted, Vv=VM code, C=native code)
V  [jvm.dll+0x5ecfaa]
V  [jvm.dll+0x722bd5]
V  [jvm.dll+0x72412d]
V  [jvm.dll+0x7247e3]
V  [jvm.dll+0x242928]
V  [jvm.dll+0x5ea374]
V  [jvm.dll+0x5df425]
V  [jvm.dll+0x2fdebb]
V  [jvm.dll+0x2fde2a]
V  [jvm.dll+0x2fdd02]
V  [jvm.dll+0x302bf6]
V  [jvm.dll+0x34b2a3]
V  [jvm.dll+0x34b9a6]
V  [jvm.dll+0x34b3a3]
V  [jvm.dll+0x2d8888]
V  [jvm.dll+0x2d9a37]
V  [jvm.dll+0x701737]
V  [jvm.dll+0x702f2c]
V  [jvm.dll+0x3587d9]
V  [jvm.dll+0x6e4fae]
V  [jvm.dll+0x3c0be3]
V  [jvm.dll+0x3c2e91]
C  [jli.dll+0x5373]
C  [ucrtbase.dll+0x21bb2]
C  [KERNEL32.DLL+0x17034]
C  [ntdll.dll+0x52651]


---------------  P R O C E S S  ---------------

Threads class SMR info:
_java_thread_list=0x00000190bcc12eb0, length=0, elements={
}

Java Threads: ( => current thread )

Other Threads:
  0x00000190be5d3000 GCTaskThread "GC Thread#0" [stack: 0x0000000dc4e00000,0x0000000dc4f00000] [id=15348]
  0x00000190be604000 ConcurrentGCThread "G1 Main Marker" [stack: 0x0000000dc4f00000,0x0000000dc5000000] [id=16444]
  0x00000190be605800 ConcurrentGCThread "G1 Conc#0" [stack: 0x0000000dc5000000,0x0000000dc5100000] [id=88]

[error occurred during error reporting (printing all threads), id 0xc0000005, EXCEPTION_ACCESS_VIOLATION (0xc0000005) at pc=0x00007ffee6d39107]

VM state:not at safepoint (not fully initialized)

VM Mutex/Monitor currently owned by a thread:  ([mutex/lock_event])
[0x00000190be5b83c0] Heap_lock - owner thread: 0x00000190be5bb000

Heap address: 0x0000000083600000, size: 1994 MB, Compressed Oops mode: Non-zero based: 0x0000000083600000
Narrow klass base: 0x0000000000000000, Narrow klass shift: 0

GC Heap History (0 events):
No events

Deoptimization events (0 events):
No events

Classes redefined (0 events):
No events

Internal exceptions (0 events):
No events

Events (1 events):
Event: 0.010 Loaded shared library C:\Program Files\Android\Android Studio\jre\bin\zip.dll


Dynamic libraries:
0x00007ff628180000 - 0x00007ff62818a000 	C:\Program Files\Android\Android Studio\jre\bin\java.exe
0x00007fff59550000 - 0x00007fff59745000 	C:\WINDOWS\SYSTEM32\ntdll.dll
0x00007fff57ae0000 - 0x00007fff57b9e000 	C:\WINDOWS\System32\KERNEL32.DLL
0x00007fff56da0000 - 0x00007fff57068000 	C:\WINDOWS\System32\KERNELBASE.dll
0x00007fff57120000 - 0x00007fff57220000 	C:\WINDOWS\System32\ucrtbase.dll
0x00007fff30770000 - 0x00007fff30789000 	C:\Program Files\Android\Android Studio\jre\bin\jli.dll
0x00007fff22dc0000 - 0x00007fff22dd7000 	C:\Program Files\Android\Android Studio\jre\bin\VCRUNTIME140.dll
0x00007fff59320000 - 0x00007fff594c1000 	C:\WINDOWS\System32\USER32.dll
0x00007fff572c0000 - 0x00007fff572e2000 	C:\WINDOWS\System32\win32u.dll
0x00007fff588b0000 - 0x00007fff588db000 	C:\WINDOWS\System32\GDI32.dll
0x00007fff57480000 - 0x00007fff5758d000 	C:\WINDOWS\System32\gdi32full.dll
0x00007fff446f0000 - 0x00007fff4498a000 	C:\WINDOWS\WinSxS\amd64_microsoft.windows.common-controls_6595b64144ccf1df_6.0.19041.1110_none_60b5254171f9507e\COMCTL32.dll
0x00007fff57220000 - 0x00007fff572bd000 	C:\WINDOWS\System32\msvcp_win.dll
0x00007fff58fa0000 - 0x00007fff5903e000 	C:\WINDOWS\System32\msvcrt.dll
0x00007fff594d0000 - 0x00007fff59500000 	C:\WINDOWS\System32\IMM32.DLL
0x00007ffeec730000 - 0x00007ffeec7cd000 	C:\Program Files\Android\Android Studio\jre\bin\msvcp140.dll
0x00007ffee6a50000 - 0x00007ffee751f000 	C:\Program Files\Android\Android Studio\jre\bin\server\jvm.dll
0x00007fff58c10000 - 0x00007fff58cbc000 	C:\WINDOWS\System32\ADVAPI32.dll
0x00007fff58cc0000 - 0x00007fff58d5b000 	C:\WINDOWS\System32\sechost.dll
0x00007fff57590000 - 0x00007fff576ba000 	C:\WINDOWS\System32\RPCRT4.dll
0x00007fff57a20000 - 0x00007fff57a28000 	C:\WINDOWS\System32\PSAPI.DLL
0x00007fff38c60000 - 0x00007fff38c87000 	C:\WINDOWS\SYSTEM32\WINMM.dll
0x00007fff4f420000 - 0x00007fff4f429000 	C:\WINDOWS\SYSTEM32\WSOCK32.dll
0x00007fff590a0000 - 0x00007fff5910b000 	C:\WINDOWS\System32\WS2_32.dll
0x00007fff4a730000 - 0x00007fff4a73a000 	C:\WINDOWS\SYSTEM32\VERSION.dll
0x00007fff554e0000 - 0x00007fff554f2000 	C:\WINDOWS\SYSTEM32\kernel.appcore.dll
0x00007fff1fd90000 - 0x00007fff1fda1000 	C:\Program Files\Android\Android Studio\jre\bin\verify.dll
0x00007fff549d0000 - 0x00007fff54bb4000 	C:\WINDOWS\SYSTEM32\DBGHELP.DLL
0x00007fff415b0000 - 0x00007fff415dc000 	C:\WINDOWS\SYSTEM32\dbgcore.DLL
0x00007fff56d10000 - 0x00007fff56d92000 	C:\WINDOWS\System32\bcryptPrimitives.dll
0x00007fff1eee0000 - 0x00007fff1ef09000 	C:\Program Files\Android\Android Studio\jre\bin\java.dll
0x00007fff4f310000 - 0x00007fff4f31b000 	C:\Program Files\Android\Android Studio\jre\bin\jimage.dll
0x00007fff1fd70000 - 0x00007fff1fd88000 	C:\Program Files\Android\Android Studio\jre\bin\zip.dll

dbghelp: loaded successfully - version: 4.0.5 - missing functions: none
symbol engine: initialized successfully - sym options: 0x614 - pdb path: .;C:\Program Files\Android\Android Studio\jre\bin;C:\WINDOWS\SYSTEM32;C:\WINDOWS\WinSxS\amd64_microsoft.windows.common-controls_6595b64144ccf1df_6.0.19041.1110_none_60b5254171f9507e;C:\Program Files\Android\Android Studio\jre\bin\server

VM Arguments:
java_command: org.jetbrains.kotlin.cli.jvm.K2JVMCompiler @C:\Users\82108\AndroidStudioProjects\fish\app\build\20211227_3710704951570969260.compiler.options
java_class_path (initial): C:\Users\82108\.gradle\caches\modules-2\files-2.1\org.jetbrains.kotlin\kotlin-compiler-embeddable\1.5.20\1900e8b9aca0a9caffd45b99b36e3720a0a284f8\kotlin-compiler-embeddable-1.5.20.jar;C:\Users\82108\.gradle\caches\modules-2\files-2.1\org.jetbrains.kotlin\kotlin-reflect\1.5.20\63810951f09a27f7827977f1bc21094042a915e\kotlin-reflect-1.5.20.jar;C:\Users\82108\.gradle\caches\modules-2\files-2.1\org.jetbrains.kotlin\kotlin-stdlib\1.5.20\9de35cc611bcecec8edce1d56d8e659953806751\kotlin-stdlib-1.5.20.jar;C:\Users\82108\.gradle\caches\modules-2\files-2.1\org.jetbrains.kotlin\kotlin-script-runtime\1.5.20\4381bb58d37b84d4d1afe55ec35542dd9b77e101\kotlin-script-runtime-1.5.20.jar;C:\Users\82108\.gradle\caches\modules-2\files-2.1\org.jetbrains.kotlin\kotlin-daemon-embeddable\1.5.20\36c38cda019834dcd2959cc33a12768adcd94256\kotlin-daemon-embeddable-1.5.20.jar;C:\Users\82108\.gradle\caches\modules-2\files-2.1\org.jetbrains.intellij.deps\trove4j\1.0.20181211\216c2e14b070f334479d800987affe4054cd563f\trove4j-1.0.20181211.jar;C:\Users\82108\.gradle\caches\modules-2\files-2.1\org.jetbrains\annotations\13.0\919f0dfe192fb4e063e7dacadee7f8bb9a2672a9\annotations-13.0.jar;C:\Users\82108\.gradle\caches\modules-2\files-2.1\org.jetbrains.kotlin\kotlin-stdlib-common\1.5.20\3d79dbd48bf605f4aac1e7028981a1953e245cbb\kotlin-stdlib-common-1.5.20.jar
Launcher Type: SUN_STANDARD

[Global flags]
     intx CICompilerCount                          = 4                                         {product} {ergonomic}
     uint ConcGCThreads                            = 2                                         {product} {ergonomic}
     uint G1ConcRefinementThreads                  = 8                                         {product} {ergonomic}
   size_t G1HeapRegionSize                         = 1048576                                   {product} {ergonomic}
    uintx GCDrainStackTargetSize                   = 64                                        {product} {ergonomic}
   size_t InitialHeapSize                          = 132120576                                 {product} {ergonomic}
   size_t MarkStackSize                            = 4194304                                   {product} {ergonomic}
   size_t MaxHeapSize                              = 2090860544                                {product} {ergonomic}
   size_t MinHeapDeltaBytes                        = 1048576                                   {product} {ergonomic}
    uintx NonNMethodCodeHeapSize                   = 5836300                                {pd product} {ergonomic}
    uintx NonProfiledCodeHeapSize                  = 122910970                              {pd product} {ergonomic}
    uintx ProfiledCodeHeapSize                     = 122910970                              {pd product} {ergonomic}
    uintx ReservedCodeCacheSize                    = 251658240                              {pd product} {ergonomic}
     bool SegmentedCodeCache                       = true                                      {product} {ergonomic}
     bool UseCompressedClassPointers               = true                                 {lp64_product} {ergonomic}
     bool UseCompressedOops                        = true                                 {lp64_product} {ergonomic}
     bool UseG1GC                                  = true                                      {product} {ergonomic}
     bool UseLargePagesIndividualAllocation        = false                                  {pd product} {ergonomic}

Logging:
Log output configuration:
 #0: stdout all=warning uptime,level,tags
 #1: stderr all=off uptime,level,tags

Environment Variables:
JAVA_HOME=C:\Program Files\Java\jdk1.8.0_291
PATH=C:\anaconda;C:\anaconda\Library\mingw-w64\bin;C:\anaconda\Library\usr\bin;C:\anaconda\Library\bin;C:\anaconda\Scripts;C:\Program Files\Java\jdk1.8.0_291\bin;C:\oraclexe\app\oracle\product\11.2.0\server\bin;C:\Program Files (x86)\Common Files\Oracle\Java\javapath;C:\WINDOWS\system32;C:\WINDOWS;C:\WINDOWS\System32\Wbem;C:\WINDOWS\System32\WindowsPowerShell\v1.0\;C:\WINDOWS\System32\OpenSSH\;C:\Program Files\Git\cmd;C:\Program Files (x86)\Brackets\command;C:\Program Files\nodejs\;C:\jiyeon_python\program\mongodb\bin;C:\Apache24\bin;C:\php7.4;C:\Users\82108\AppData\Local\Microsoft\WindowsApps;C:\Users\82108\AppData\Local\Programs\Microsoft VS Code\bin;C:\Program Files\JetBrains\IntelliJ IDEA Community Edition 2020.2.1\bin;;C:\Users\82108\AppData\Roaming\npm;C:\Program Files\heroku\bin
USERNAME=82108
OS=Windows_NT
PROCESSOR_IDENTIFIER=Intel64 Family 6 Model 142 Stepping 12, GenuineIntel



---------------  S Y S T E M  ---------------

OS: Windows 10 , 64 bit Build 19041 (10.0.19041.1348)
OS uptime: 0 days 8:32 hours

CPU:total 8 (initial active 8) (4 cores per cpu, 2 threads per core) family 6 model 142 stepping 12 microcode 0xc6, cmov, cx8, fxsr, mmx, sse, sse2, sse3, ssse3, sse4.1, sse4.2, popcnt, avx, avx2, aes, clmul, erms, 3dnowpref, lzcnt, ht, tsc, tscinvbit, bmi1, bmi2, adx, fma

Memory: 4k page, system-wide physical 7973M (995M free)
TotalPageFile size 9865M (AvailPageFile size 99M)
current process WorkingSet (physical memory assigned to process): 10M, peak: 10M
current process commit charge ("private bytes"): 59M, peak: 185M

vm_info: OpenJDK 64-Bit Server VM (11.0.10+0-b96-7249189) for windows-amd64 JRE (11.0.10+0-b96-7249189), built on Mar 31 2021 21:44:00 by "builder" with MS VC++ 14.0 (VS2015)

END.
