#
# There is insufficient memory for the Java Runtime Environment to continue.
# Native memory allocation (mmap) failed to map 287309824 bytes for Failed to commit area from 0x0000000090500000 to 0x00000000a1700000 of length 287309824.
# Possible reasons:
#   The system is out of physical RAM or swap space
#   The process is running with CompressedOops enabled, and the Java Heap may be blocking the growth of the native heap
# Possible solutions:
#   Reduce memory load on the system
#   Increase physical memory or swap space
#   Check if swap backing store is full
#   Decrease Java heap size (-Xmx/-Xms)
#   Decrease number of Java threads
#   Decrease Java thread stack sizes (-Xss)
#   Set larger code cache with -XX:ReservedCodeCacheSize=
#   JVM is running with Unscaled Compressed Oops mode in which the Java heap is
#     placed in the first 4GB address space. The Java Heap base address is the
#     maximum limit for the native heap growth. Please use -XX:HeapBaseMinAddress
#     to set the Java Heap base and to place the Java Heap above 4GB virtual address.
# This output file may be truncated or incomplete.
#
#  Out of Memory Error (./src/hotspot/os/windows/os_windows.cpp:3301), pid=20544, tid=7208
#
# JRE version: OpenJDK Runtime Environment (11.0.10) (build 11.0.10+0-b96-7249189)
# Java VM: OpenJDK 64-Bit Server VM (11.0.10+0-b96-7249189, mixed mode, tiered, compressed oops, g1 gc, windows-amd64)
# No core dump will be written. Minidumps are not enabled by default on client versions of Windows
#

---------------  S U M M A R Y ------------

Command Line: --add-opens=java.base/java.util=ALL-UNNAMED --add-opens=java.base/java.lang=ALL-UNNAMED --add-opens=java.base/java.lang.invoke=ALL-UNNAMED --add-opens=java.base/java.util=ALL-UNNAMED --add-opens=java.prefs/java.util.prefs=ALL-UNNAMED --add-opens=java.prefs/java.util.prefs=ALL-UNNAMED --add-opens=java.base/java.nio.charset=ALL-UNNAMED --add-opens=java.base/java.net=ALL-UNNAMED --add-opens=java.base/java.util.concurrent.atomic=ALL-UNNAMED -Xmx2048m -Dfile.encoding=UTF-8 -Duser.country=KR -Duser.language=ko -Duser.variant org.gradle.launcher.daemon.bootstrap.GradleDaemon 7.0.2

Host: Intel(R) Core(TM) i5-10210U CPU @ 1.60GHz, 8 cores, 7G,  Windows 10 , 64 bit Build 19041 (10.0.19041.1348)
Time: Mon Dec 27 18:44:54 2021 대한민국 표준시 elapsed time: 35.807973 seconds (0d 0h 0m 35s)

---------------  T H R E A D  ---------------

Current thread (0x000001abb11fb800):  VMThread "VM Thread" [stack: 0x00000048bc000000,0x00000048bc100000] [id=7208]

Stack: [0x00000048bc000000,0x00000048bc100000]
[error occurred during error reporting (printing stack bounds), id 0xc0000005, EXCEPTION_ACCESS_VIOLATION (0xc0000005) at pc=0x000001ab9a870f2d]

Native frames: (J=compiled Java code, j=interpreted, Vv=VM code, C=native code)
V  [jvm.dll+0x5ecfaa]
V  [jvm.dll+0x722bd5]
V  [jvm.dll+0x72412d]
V  [jvm.dll+0x724745]
V  [jvm.dll+0x7246fb]
V  [jvm.dll+0x5ec348]
V  [jvm.dll+0x5ecad8]
C  [ntdll.dll+0xa20cf]
C  [ntdll.dll+0x51454]
C  [ntdll.dll+0xa0bfe]
C  0x000001ab9a870f2d

VM_Operation (0x00000048c0dfd110): G1CollectForAllocation, mode: safepoint, requested by thread 0x000001abbaa38000


---------------  P R O C E S S  ---------------

Threads class SMR info:
_java_thread_list=0x000001abbc99dbf0, length=76, elements={
0x000001ab96d7d800, 0x000001abb11fe000, 0x000001abb1209800, 0x000001abb122c000,
0x000001abb122d000, 0x000001abb122f000, 0x000001abb1b1f000, 0x000001abb1b23800,
0x000001abb1b2a000, 0x000001abb1c98800, 0x000001abb412d800, 0x000001abb3930000,
0x000001abb2a27000, 0x000001abb1ede000, 0x000001abb3304800, 0x000001abb5201000,
0x000001abb5200800, 0x000001abb51fc000, 0x000001abb51fe000, 0x000001abb51fe800,
0x000001abb51fb800, 0x000001abb5202000, 0x000001abb56d9800, 0x000001abb56d7800,
0x000001abb56d7000, 0x000001abb56d8800, 0x000001abb56da000, 0x000001abb56d6000,
0x000001abb56e0800, 0x000001abb56dd800, 0x000001abb7ca2800, 0x000001abb7ca1000,
0x000001abb7ca2000, 0x000001abb7ca3800, 0x000001abb7ca0000, 0x000001abb7c9d800,
0x000001abb7ca6800, 0x000001abb7ca5000, 0x000001abb7454800, 0x000001abb7ca9000,
0x000001abb7ca7800, 0x000001abb7ca8800, 0x000001abb7caa000, 0x000001abb8924800,
0x000001abb7caa800, 0x000001abb7cab800, 0x000001abb7ca6000, 0x000001abb7cac800,
0x000001abb56dc000, 0x000001abb56e2800, 0x000001abb56de800, 0x000001abb56e0000,
0x000001abb56dc800, 0x000001abb56e3000, 0x000001abb56df000, 0x000001abb56e4000,
0x000001abb56e5000, 0x000001abb51fd000, 0x000001abb51ff800, 0x000001abbaa31800,
0x000001abbaa34000, 0x000001abbaa30800, 0x000001abbaa36800, 0x000001abbaa35800,
0x000001abbaa37000, 0x000001abbaa34800, 0x000001abbaa38000, 0x000001abbaa32800,
0x000001abbaa39000, 0x000001abbaa33000, 0x000001abbaa3d000, 0x000001abbaa3a800,
0x000001abbaa3f800, 0x000001abbaa3e800, 0x000001abbaa3b800, 0x000001abbaa39800
}

Java Threads: ( => current thread )
  0x000001ab96d7d800 JavaThread "main" [_thread_blocked, id=22976, stack(0x00000048bba00000,0x00000048bbb00000)]
  0x000001abb11fe000 JavaThread "Reference Handler" daemon [_thread_blocked, id=7340, stack(0x00000048bc100000,0x00000048bc200000)]
  0x000001abb1209800 JavaThread "Finalizer" daemon [_thread_blocked, id=22216, stack(0x00000048bc200000,0x00000048bc300000)]
  0x000001abb122c000 JavaThread "Signal Dispatcher" daemon [_thread_blocked, id=21644, stack(0x00000048bc300000,0x00000048bc400000)]
  0x000001abb122d000 JavaThread "Attach Listener" daemon [_thread_blocked, id=20064, stack(0x00000048bc400000,0x00000048bc500000)]
  0x000001abb122f000 JavaThread "Service Thread" daemon [_thread_blocked, id=12664, stack(0x00000048bc500000,0x00000048bc600000)]
  0x000001abb1b1f000 JavaThread "C2 CompilerThread0" daemon [_thread_in_native, id=17268, stack(0x00000048bc600000,0x00000048bc700000)]
  0x000001abb1b23800 JavaThread "C1 CompilerThread0" daemon [_thread_blocked, id=18196, stack(0x00000048bc700000,0x00000048bc800000)]
  0x000001abb1b2a000 JavaThread "Sweeper thread" daemon [_thread_blocked, id=21344, stack(0x00000048bc800000,0x00000048bc900000)]
  0x000001abb1c98800 JavaThread "Common-Cleaner" daemon [_thread_blocked, id=4280, stack(0x00000048bc900000,0x00000048bca00000)]
  0x000001abb412d800 JavaThread "Daemon health stats" [_thread_blocked, id=22928, stack(0x00000048bcf00000,0x00000048bd000000)]
  0x000001abb3930000 JavaThread "Incoming local TCP Connector on port 60717" [_thread_in_native, id=13788, stack(0x00000048bcb00000,0x00000048bcc00000)]
  0x000001abb2a27000 JavaThread "Daemon periodic checks" [_thread_blocked, id=22136, stack(0x00000048bce00000,0x00000048bcf00000)]
  0x000001abb1ede000 JavaThread "Daemon" [_thread_blocked, id=20568, stack(0x00000048bd000000,0x00000048bd100000)]
  0x000001abb3304800 JavaThread "Daemon worker" [_thread_blocked, id=14252, stack(0x00000048bd300000,0x00000048bd400000)]
  0x000001abb5201000 JavaThread "Cache worker for file hash cache (C:\Users\82108\.gradle\caches\7.0.2\fileHashes)" [_thread_blocked, id=14948, stack(0x00000048bdd00000,0x00000048bde00000)]
  0x000001abb5200800 JavaThread "File lock request listener" [_thread_in_native, id=20764, stack(0x00000048bde00000,0x00000048bdf00000)]
  0x000001abb51fc000 JavaThread "Cache worker for journal cache (C:\Users\82108\.gradle\caches\journal-1)" [_thread_blocked, id=15252, stack(0x00000048be000000,0x00000048be100000)]
  0x000001abb51fe000 JavaThread "File watcher server" daemon [_thread_blocked, id=592, stack(0x00000048be300000,0x00000048be400000)]
  0x000001abb51fe800 JavaThread "File watcher consumer" daemon [_thread_blocked, id=18400, stack(0x00000048be400000,0x00000048be500000)]
  0x000001abb51fb800 JavaThread "jar transforms" [_thread_blocked, id=22708, stack(0x00000048be500000,0x00000048be600000)]
  0x000001abb5202000 JavaThread "jar transforms Thread 2" [_thread_blocked, id=20048, stack(0x00000048be600000,0x00000048be700000)]
  0x000001abb56d9800 JavaThread "jar transforms Thread 3" [_thread_blocked, id=23204, stack(0x00000048be700000,0x00000048be800000)]
  0x000001abb56d7800 JavaThread "jar transforms Thread 4" [_thread_blocked, id=19612, stack(0x00000048be800000,0x00000048be900000)]
  0x000001abb56d7000 JavaThread "jar transforms Thread 5" [_thread_blocked, id=4724, stack(0x00000048be900000,0x00000048bea00000)]
  0x000001abb56d8800 JavaThread "jar transforms Thread 6" [_thread_blocked, id=17716, stack(0x00000048bea00000,0x00000048beb00000)]
  0x000001abb56da000 JavaThread "jar transforms Thread 7" [_thread_blocked, id=8548, stack(0x00000048beb00000,0x00000048bec00000)]
  0x000001abb56d6000 JavaThread "jar transforms Thread 8" [_thread_blocked, id=15776, stack(0x00000048bec00000,0x00000048bed00000)]
  0x000001abb56e0800 JavaThread "Cache worker for execution history cache (C:\Users\82108\.gradle\caches\7.0.2\executionHistory)" [_thread_blocked, id=12624, stack(0x00000048bf000000,0x00000048bf100000)]
  0x000001abb56dd800 JavaThread "Cache worker for file content cache (C:\Users\82108\.gradle\caches\7.0.2\fileContent)" [_thread_blocked, id=10008, stack(0x00000048bf100000,0x00000048bf200000)]
  0x000001abb7ca2800 JavaThread "Memory manager" [_thread_blocked, id=1984, stack(0x00000048bfc00000,0x00000048bfd00000)]
  0x000001abb7ca1000 JavaThread "Handler for socket connection from /127.0.0.1:60717 to /127.0.0.1:60723" [_thread_in_native, id=22868, stack(0x00000048bd100000,0x00000048bd200000)]
  0x000001abb7ca2000 JavaThread "Cancel handler" [_thread_blocked, id=18972, stack(0x00000048bd200000,0x00000048bd300000)]
  0x000001abb7ca3800 JavaThread "Asynchronous log dispatcher for DefaultDaemonConnection: socket connection from /127.0.0.1:60717 to /127.0.0.1:60723" [_thread_blocked, id=18856, stack(0x00000048bd400000,0x00000048bd500000)]
  0x000001abb7ca0000 JavaThread "Stdin handler" [_thread_blocked, id=22828, stack(0x00000048bd500000,0x00000048bd600000)]
  0x000001abb7c9d800 JavaThread "Daemon client event forwarder" [_thread_blocked, id=20244, stack(0x00000048bd600000,0x00000048bd700000)]
  0x000001abb7ca6800 JavaThread "Cache worker for file hash cache (C:\Users\82108\AndroidStudioProjects\fish\.gradle\7.0.2\fileHashes)" [_thread_blocked, id=14080, stack(0x00000048bd700000,0x00000048bd800000)]
  0x000001abb7ca5000 JavaThread "Cache worker for checksums cache (C:\Users\82108\AndroidStudioProjects\fish\.gradle\checksums)" [_thread_blocked, id=11620, stack(0x00000048be100000,0x00000048be200000)]
  0x000001abb7454800 JavaThread "C2 CompilerThread1" daemon [_thread_in_native, id=2820, stack(0x00000048be200000,0x00000048be300000)]
  0x000001abb7ca9000 JavaThread "Cache worker for cache directory md-supplier (C:\Users\82108\.gradle\caches\7.0.2\md-supplier)" [_thread_blocked, id=21584, stack(0x00000048bed00000,0x00000048bee00000)]
  0x000001abb7ca7800 JavaThread "Cache worker for cache directory md-rule (C:\Users\82108\.gradle\caches\7.0.2\md-rule)" [_thread_blocked, id=8320, stack(0x00000048bee00000,0x00000048bef00000)]
  0x000001abb7ca8800 JavaThread "Cache worker for dependencies-accessors (C:\Users\82108\AndroidStudioProjects\fish\.gradle\7.0.2\dependencies-accessors)" [_thread_blocked, id=20348, stack(0x00000048bef00000,0x00000048bf000000)]
  0x000001abb7caa000 JavaThread "Cache worker for Build Output Cleanup Cache (C:\Users\82108\AndroidStudioProjects\fish\.gradle\buildOutputCleanup)" [_thread_blocked, id=11900, stack(0x00000048bf200000,0x00000048bf300000)]
  0x000001abb8924800 JavaThread "C2 CompilerThread2" daemon [_thread_blocked, id=14692, stack(0x00000048bf500000,0x00000048bf600000)]
  0x000001abb7caa800 JavaThread "Build operations" [_thread_blocked, id=21472, stack(0x00000048bf600000,0x00000048bf700000)]
  0x000001abb7cab800 JavaThread "Build operations Thread 2" [_thread_blocked, id=18724, stack(0x00000048bf700000,0x00000048bf800000)]
  0x000001abb7ca6000 JavaThread "Build operations Thread 3" [_thread_blocked, id=5412, stack(0x00000048bf800000,0x00000048bf900000)]
  0x000001abb7cac800 JavaThread "Build operations Thread 4" [_thread_blocked, id=21096, stack(0x00000048bf900000,0x00000048bfa00000)]
  0x000001abb56dc000 JavaThread "Build operations Thread 5" [_thread_blocked, id=14600, stack(0x00000048bfa00000,0x00000048bfb00000)]
  0x000001abb56e2800 JavaThread "Build operations Thread 6" [_thread_blocked, id=16140, stack(0x00000048bfb00000,0x00000048bfc00000)]
  0x000001abb56de800 JavaThread "Build operations Thread 7" [_thread_blocked, id=15112, stack(0x00000048bfd00000,0x00000048bfe00000)]
  0x000001abb56e0000 JavaThread "Build operations Thread 8" [_thread_blocked, id=676, stack(0x00000048bfe00000,0x00000048bff00000)]
  0x000001abb56dc800 JavaThread "build event listener" [_thread_blocked, id=8684, stack(0x00000048bff00000,0x00000048c0000000)]
  0x000001abb56e3000 JavaThread "Execution worker for ':'" [_thread_blocked, id=4716, stack(0x00000048c0000000,0x00000048c0100000)]
  0x000001abb56df000 JavaThread "Execution worker for ':' Thread 2" [_thread_blocked, id=20460, stack(0x00000048c0100000,0x00000048c0200000)]
  0x000001abb56e4000 JavaThread "Execution worker for ':' Thread 3" [_thread_blocked, id=19648, stack(0x00000048c0200000,0x00000048c0300000)]
  0x000001abb56e5000 JavaThread "Execution worker for ':' Thread 4" [_thread_blocked, id=19616, stack(0x00000048c0300000,0x00000048c0400000)]
  0x000001abb51fd000 JavaThread "Execution worker for ':' Thread 5" [_thread_blocked, id=15284, stack(0x00000048c0400000,0x00000048c0500000)]
  0x000001abb51ff800 JavaThread "Execution worker for ':' Thread 6" [_thread_blocked, id=10908, stack(0x00000048c0500000,0x00000048c0600000)]
  0x000001abbaa31800 JavaThread "Execution worker for ':' Thread 7" [_thread_blocked, id=19744, stack(0x00000048c0600000,0x00000048c0700000)]
  0x000001abbaa34000 JavaThread "Cache worker for execution history cache (C:\Users\82108\AndroidStudioProjects\fish\.gradle\7.0.2\executionHistory)" [_thread_blocked, id=21288, stack(0x00000048c0700000,0x00000048c0800000)]
  0x000001abbaa30800 JavaThread "WorkerExecutor Queue" [_thread_blocked, id=16116, stack(0x00000048c0800000,0x00000048c0900000)]
  0x000001abbaa36800 JavaThread "pool-4-thread-1" [_thread_blocked, id=20868, stack(0x00000048c0900000,0x00000048c0a00000)]
  0x000001abbaa35800 JavaThread "stderr" [_thread_in_native, id=14028, stack(0x00000048c0a00000,0x00000048c0b00000)]
  0x000001abbaa37000 JavaThread "stdout" [_thread_in_native, id=20972, stack(0x00000048c0b00000,0x00000048c0c00000)]
  0x000001abbaa34800 JavaThread "WorkerExecutor Queue Thread 2" [_thread_blocked, id=16652, stack(0x00000048c0c00000,0x00000048c0d00000)]
  0x000001abbaa38000 JavaThread "WorkerExecutor Queue Thread 3" [_thread_blocked, id=15628, stack(0x00000048c0d00000,0x00000048c0e00000)]
  0x000001abbaa32800 JavaThread "WorkerExecutor Queue Thread 4" [_thread_blocked, id=23528, stack(0x00000048c0e00000,0x00000048c0f00000)]
  0x000001abbaa39000 JavaThread "ForkJoinPool-2-worker-3" daemon [_thread_blocked, id=22796, stack(0x00000048c0f00000,0x00000048c1000000)]
  0x000001abbaa33000 JavaThread "ForkJoinPool-2-worker-5" daemon [_thread_blocked, id=14640, stack(0x00000048c1000000,0x00000048c1100000)]
  0x000001abbaa3d000 JavaThread "ForkJoinPool-2-worker-7" daemon [_thread_blocked, id=3740, stack(0x00000048c1100000,0x00000048c1200000)]
  0x000001abbaa3a800 JavaThread "ForkJoinPool-2-worker-9" daemon [_thread_blocked, id=7932, stack(0x00000048c1200000,0x00000048c1300000)]
  0x000001abbaa3f800 JavaThread "ForkJoinPool-2-worker-11" daemon [_thread_blocked, id=20952, stack(0x00000048c1300000,0x00000048c1400000)]
  0x000001abbaa3e800 JavaThread "ForkJoinPool-2-worker-13" daemon [_thread_blocked, id=7004, stack(0x00000048c1400000,0x00000048c1500000)]
  0x000001abbaa3b800 JavaThread "ForkJoinPool-2-worker-15" daemon [_thread_blocked, id=21512, stack(0x00000048c1500000,0x00000048c1600000)]
  0x000001abbaa39800 JavaThread "ForkJoinPool-2-worker-1" daemon [_thread_blocked, id=18216, stack(0x00000048c1600000,0x00000048c1700000)]

Other Threads:
=>0x000001abb11fb800 VMThread "VM Thread" [stack: 0x00000048bc000000,0x00000048bc100000] [id=7208]
  0x000001abb1cb4800 WatcherThread [stack: 0x00000048bca00000,0x00000048bcb00000] [id=2520]
  0x000001ab96d95800 GCTaskThread "GC Thread#0" [stack: 0x00000048bbb00000,0x00000048bbc00000] [id=16756]
  0x000001abb281f800 GCTaskThread "GC Thread#1" [stack: 0x00000048bcc00000,0x00000048bcd00000] [id=17380]
  0x000001abb2820000 GCTaskThread "GC Thread#2" [stack: 0x00000048bcd00000,0x00000048bce00000] [id=936]
  0x000001abb398f000 GCTaskThread "GC Thread#3" [stack: 0x00000048bd800000,0x00000048bd900000] [id=16516]
  0x000001abb2b22800 GCTaskThread "GC Thread#4" [stack: 0x00000048bd900000,0x00000048bda00000] [id=19408]
  0x000001abb35b9800 GCTaskThread "GC Thread#5" [stack: 0x00000048bda00000,0x00000048bdb00000] [id=16232]
  0x000001abb3a5f000 GCTaskThread "GC Thread#6" [stack: 0x00000048bdb00000,0x00000048bdc00000] [id=2008]
  0x000001abb3ad6800 GCTaskThread "GC Thread#7" [stack: 0x00000048bdc00000,0x00000048bdd00000] [id=20632]
  0x000001ab96dc9000 ConcurrentGCThread "G1 Main Marker" [stack: 0x00000048bbc00000,0x00000048bbd00000] [id=9404]
  0x000001ab96dca000 ConcurrentGCThread "G1 Conc#0" [stack: 0x00000048bbd00000,0x00000048bbe00000] [id=15280]
  0x000001abb4493000 ConcurrentGCThread "G1 Conc#1" [stack: 0x00000048bdf00000,0x00000048be000000] [id=22544]
  0x000001abb1050800 ConcurrentGCThread "G1 Refine#0" [stack: 0x00000048bbe00000,0x00000048bbf00000] [id=6968]
  0x000001abb1051800 ConcurrentGCThread "G1 Young RemSet Sampling" [stack: 0x00000048bbf00000,0x00000048bc000000] [id=14552]

Threads with active compile tasks:
C2 CompilerThread0  35821 13635 %     4       com.android.tools.r8.dex.j::a @ 315 (1038 bytes)
C2 CompilerThread1  35821 13722       4       com.android.tools.r8.dex.j::e (654 bytes)
C2 CompilerThread2  35821 14013       4       com.android.tools.r8.dex.j::b (36 bytes)

VM state:at safepoint (normal execution)

VM Mutex/Monitor currently owned by a thread:  ([mutex/lock_event])
[0x000001ab96d7aa20] Threads_lock - owner thread: 0x000001abb11fb800
[0x000001ab96d798b0] Heap_lock - owner thread: 0x000001abbaa38000

Heap address: 0x0000000080000000, size: 2048 MB, Compressed Oops mode: 32-bit
Narrow klass base: 0x0000000000000000, Narrow klass shift: 3
Compressed class space size: 1073741824 Address: 0x0000000100000000

Heap:
 garbage-first heap   total 547840K, used 207420K [0x0000000080000000, 0x0000000100000000)
  region size 1024K, 2 young (2048K), 2 survivors (2048K)
 Metaspace       used 111738K, capacity 114994K, committed 115072K, reserved 1148928K
  class space    used 14512K, capacity 15718K, committed 15744K, reserved 1048576K
Heap Regions: E=young(eden), S=young(survivor), O=old, HS=humongous(starts), HC=humongous(continues), CS=collection set, F=free, A=archive, TAMS=top-at-mark-start (previous, next)
|   0|0x0000000080000000, 0x0000000080100000, 0x0000000080100000|100%| O|  |TAMS 0x0000000080100000, 0x0000000080100000| Untracked 
|   1|0x0000000080100000, 0x0000000080200000, 0x0000000080200000|100%| O|  |TAMS 0x0000000080200000, 0x0000000080200000| Untracked 
|   2|0x0000000080200000, 0x0000000080300000, 0x0000000080300000|100%| O|  |TAMS 0x0000000080300000, 0x0000000080300000| Untracked 
|   3|0x0000000080300000, 0x0000000080400000, 0x0000000080400000|100%|HS|  |TAMS 0x0000000080400000, 0x0000000080400000| Complete 
|   4|0x0000000080400000, 0x0000000080500000, 0x0000000080500000|100%|HC|  |TAMS 0x0000000080500000, 0x0000000080500000| Complete 
|   5|0x0000000080500000, 0x0000000080600000, 0x0000000080600000|100%|HC|  |TAMS 0x0000000080600000, 0x0000000080600000| Complete 
|   6|0x0000000080600000, 0x0000000080700000, 0x0000000080700000|100%| O|  |TAMS 0x0000000080700000, 0x0000000080700000| Untracked 
|   7|0x0000000080700000, 0x0000000080800000, 0x0000000080800000|100%| O|  |TAMS 0x0000000080800000, 0x0000000080800000| Untracked 
|   8|0x0000000080800000, 0x0000000080900000, 0x0000000080900000|100%| O|  |TAMS 0x0000000080900000, 0x0000000080900000| Untracked 
|   9|0x0000000080900000, 0x0000000080a00000, 0x0000000080a00000|100%| O|  |TAMS 0x0000000080a00000, 0x0000000080a00000| Untracked 
|  10|0x0000000080a00000, 0x0000000080b00000, 0x0000000080b00000|100%| O|  |TAMS 0x0000000080b00000, 0x0000000080b00000| Untracked 
|  11|0x0000000080b00000, 0x0000000080c00000, 0x0000000080c00000|100%| O|  |TAMS 0x0000000080c00000, 0x0000000080c00000| Untracked 
|  12|0x0000000080c00000, 0x0000000080d00000, 0x0000000080d00000|100%| O|  |TAMS 0x0000000080d00000, 0x0000000080d00000| Untracked 
|  13|0x0000000080d00000, 0x0000000080e00000, 0x0000000080e00000|100%| O|  |TAMS 0x0000000080e00000, 0x0000000080e00000| Untracked 
|  14|0x0000000080e00000, 0x0000000080f00000, 0x0000000080f00000|100%| O|  |TAMS 0x0000000080f00000, 0x0000000080f00000| Untracked 
|  15|0x0000000080f00000, 0x0000000081000000, 0x0000000081000000|100%| O|  |TAMS 0x0000000081000000, 0x0000000081000000| Untracked 
|  16|0x0000000081000000, 0x0000000081100000, 0x0000000081100000|100%|HS|  |TAMS 0x0000000081100000, 0x0000000081100000| Complete 
|  17|0x0000000081100000, 0x0000000081200000, 0x0000000081200000|100%|HC|  |TAMS 0x0000000081200000, 0x0000000081200000| Complete 
|  18|0x0000000081200000, 0x0000000081300000, 0x0000000081300000|100%|HS|  |TAMS 0x0000000081300000, 0x0000000081300000| Complete 
|  19|0x0000000081300000, 0x0000000081400000, 0x0000000081400000|100%|HC|  |TAMS 0x0000000081400000, 0x0000000081400000| Complete 
|  20|0x0000000081400000, 0x0000000081500000, 0x0000000081500000|100%|HC|  |TAMS 0x0000000081500000, 0x0000000081500000| Complete 
|  21|0x0000000081500000, 0x0000000081600000, 0x0000000081600000|100%|HS|  |TAMS 0x0000000081600000, 0x0000000081600000| Complete 
|  22|0x0000000081600000, 0x0000000081700000, 0x0000000081700000|100%|HC|  |TAMS 0x0000000081700000, 0x0000000081700000| Complete 
|  23|0x0000000081700000, 0x0000000081800000, 0x0000000081800000|100%|HC|  |TAMS 0x0000000081800000, 0x0000000081800000| Complete 
|  24|0x0000000081800000, 0x0000000081900000, 0x0000000081900000|100%|HC|  |TAMS 0x0000000081900000, 0x0000000081900000| Complete 
|  25|0x0000000081900000, 0x0000000081a00000, 0x0000000081a00000|100%|HC|  |TAMS 0x0000000081a00000, 0x0000000081a00000| Complete 
|  26|0x0000000081a00000, 0x0000000081b00000, 0x0000000081b00000|100%| O|  |TAMS 0x0000000081b00000, 0x0000000081b00000| Untracked 
|  27|0x0000000081b00000, 0x0000000081c00000, 0x0000000081c00000|100%| O|  |TAMS 0x0000000081c00000, 0x0000000081c00000| Untracked 
|  28|0x0000000081c00000, 0x0000000081d00000, 0x0000000081d00000|100%| O|  |TAMS 0x0000000081d00000, 0x0000000081d00000| Untracked 
|  29|0x0000000081d00000, 0x0000000081e00000, 0x0000000081e00000|100%| O|  |TAMS 0x0000000081e00000, 0x0000000081e00000| Untracked 
|  30|0x0000000081e00000, 0x0000000081f00000, 0x0000000081f00000|100%|HS|  |TAMS 0x0000000081f00000, 0x0000000081f00000| Complete 
|  31|0x0000000081f00000, 0x0000000082000000, 0x0000000082000000|100%|HC|  |TAMS 0x0000000082000000, 0x0000000082000000| Complete 
|  32|0x0000000082000000, 0x0000000082100000, 0x0000000082100000|100%|HC|  |TAMS 0x0000000082100000, 0x0000000082100000| Complete 
|  33|0x0000000082100000, 0x0000000082200000, 0x0000000082200000|100%| O|  |TAMS 0x0000000082200000, 0x0000000082200000| Untracked 
|  34|0x0000000082200000, 0x0000000082300000, 0x0000000082300000|100%| O|  |TAMS 0x0000000082300000, 0x0000000082300000| Untracked 
|  35|0x0000000082300000, 0x0000000082400000, 0x0000000082400000|100%| O|  |TAMS 0x0000000082400000, 0x0000000082400000| Untracked 
|  36|0x0000000082400000, 0x0000000082500000, 0x0000000082500000|100%|HS|  |TAMS 0x0000000082500000, 0x0000000082500000| Complete 
|  37|0x0000000082500000, 0x0000000082600000, 0x0000000082600000|100%|HC|  |TAMS 0x0000000082600000, 0x0000000082600000| Complete 
|  38|0x0000000082600000, 0x0000000082700000, 0x0000000082700000|100%|HC|  |TAMS 0x0000000082700000, 0x0000000082700000| Complete 
|  39|0x0000000082700000, 0x0000000082800000, 0x0000000082800000|100%|HC|  |TAMS 0x0000000082800000, 0x0000000082800000| Complete 
|  40|0x0000000082800000, 0x0000000082900000, 0x0000000082900000|100%|HC|  |TAMS 0x0000000082900000, 0x0000000082900000| Complete 
|  41|0x0000000082900000, 0x0000000082a00000, 0x0000000082a00000|100%| O|  |TAMS 0x0000000082a00000, 0x0000000082a00000| Untracked 
|  42|0x0000000082a00000, 0x0000000082b00000, 0x0000000082b00000|100%| O|  |TAMS 0x0000000082b00000, 0x0000000082b00000| Untracked 
|  43|0x0000000082b00000, 0x0000000082c00000, 0x0000000082c00000|100%| O|  |TAMS 0x0000000082c00000, 0x0000000082c00000| Untracked 
|  44|0x0000000082c00000, 0x0000000082d00000, 0x0000000082d00000|100%| O|  |TAMS 0x0000000082d00000, 0x0000000082d00000| Untracked 
|  45|0x0000000082d00000, 0x0000000082e00000, 0x0000000082e00000|100%| O|  |TAMS 0x0000000082e00000, 0x0000000082e00000| Untracked 
|  46|0x0000000082e00000, 0x0000000082f00000, 0x0000000082f00000|100%| O|  |TAMS 0x0000000082f00000, 0x0000000082f00000| Untracked 
|  47|0x0000000082f00000, 0x0000000083000000, 0x0000000083000000|100%| O|  |TAMS 0x0000000083000000, 0x0000000083000000| Untracked 
|  48|0x0000000083000000, 0x0000000083100000, 0x0000000083100000|100%| O|  |TAMS 0x0000000083100000, 0x0000000083100000| Untracked 
|  49|0x0000000083100000, 0x0000000083200000, 0x0000000083200000|100%| O|  |TAMS 0x0000000083200000, 0x0000000083200000| Untracked 
|  50|0x0000000083200000, 0x0000000083300000, 0x0000000083300000|100%|HS|  |TAMS 0x0000000083300000, 0x0000000083300000| Complete 
|  51|0x0000000083300000, 0x0000000083400000, 0x0000000083400000|100%|HS|  |TAMS 0x0000000083400000, 0x0000000083400000| Complete 
|  52|0x0000000083400000, 0x0000000083500000, 0x0000000083500000|100%|HS|  |TAMS 0x0000000083500000, 0x0000000083500000| Complete 
|  53|0x0000000083500000, 0x0000000083600000, 0x0000000083600000|100%|HS|  |TAMS 0x0000000083600000, 0x0000000083600000| Complete 
|  54|0x0000000083600000, 0x0000000083700000, 0x0000000083700000|100%|HC|  |TAMS 0x0000000083700000, 0x0000000083700000| Complete 
|  55|0x0000000083700000, 0x0000000083800000, 0x0000000083800000|100%|HC|  |TAMS 0x0000000083800000, 0x0000000083800000| Complete 
|  56|0x0000000083800000, 0x0000000083900000, 0x0000000083900000|100%|HS|  |TAMS 0x0000000083900000, 0x0000000083900000| Complete 
|  57|0x0000000083900000, 0x0000000083a00000, 0x0000000083a00000|100%|HC|  |TAMS 0x0000000083a00000, 0x0000000083a00000| Complete 
|  58|0x0000000083a00000, 0x0000000083b00000, 0x0000000083b00000|100%| O|  |TAMS 0x0000000083b00000, 0x0000000083b00000| Untracked 
|  59|0x0000000083b00000, 0x0000000083c00000, 0x0000000083c00000|100%| O|  |TAMS 0x0000000083c00000, 0x0000000083c00000| Untracked 
|  60|0x0000000083c00000, 0x0000000083d00000, 0x0000000083d00000|100%| O|  |TAMS 0x0000000083d00000, 0x0000000083d00000| Untracked 
|  61|0x0000000083d00000, 0x0000000083e00000, 0x0000000083e00000|100%| O|  |TAMS 0x0000000083e00000, 0x0000000083e00000| Untracked 
|  62|0x0000000083e00000, 0x0000000083f00000, 0x0000000083f00000|100%| O|  |TAMS 0x0000000083f00000, 0x0000000083f00000| Untracked 
|  63|0x0000000083f00000, 0x0000000084000000, 0x0000000084000000|100%| O|  |TAMS 0x0000000084000000, 0x0000000084000000| Untracked 
|  64|0x0000000084000000, 0x0000000084100000, 0x0000000084100000|100%| O|  |TAMS 0x0000000084100000, 0x0000000084100000| Untracked 
|  65|0x0000000084100000, 0x0000000084200000, 0x0000000084200000|100%| O|  |TAMS 0x0000000084200000, 0x0000000084200000| Untracked 
|  66|0x0000000084200000, 0x0000000084300000, 0x0000000084300000|100%| O|  |TAMS 0x0000000084300000, 0x0000000084300000| Untracked 
|  67|0x0000000084300000, 0x0000000084400000, 0x0000000084400000|100%| O|  |TAMS 0x0000000084400000, 0x0000000084400000| Untracked 
|  68|0x0000000084400000, 0x0000000084500000, 0x0000000084500000|100%| O|  |TAMS 0x0000000084500000, 0x0000000084500000| Untracked 
|  69|0x0000000084500000, 0x0000000084600000, 0x0000000084600000|100%| O|  |TAMS 0x0000000084600000, 0x0000000084600000| Untracked 
|  70|0x0000000084600000, 0x0000000084700000, 0x0000000084700000|100%| O|  |TAMS 0x0000000084700000, 0x0000000084700000| Untracked 
|  71|0x0000000084700000, 0x0000000084800000, 0x0000000084800000|100%| O|  |TAMS 0x0000000084800000, 0x0000000084800000| Untracked 
|  72|0x0000000084800000, 0x0000000084900000, 0x0000000084900000|100%| O|  |TAMS 0x0000000084900000, 0x0000000084900000| Untracked 
|  73|0x0000000084900000, 0x0000000084a00000, 0x0000000084a00000|100%| O|  |TAMS 0x0000000084a00000, 0x0000000084a00000| Untracked 
|  74|0x0000000084a00000, 0x0000000084b00000, 0x0000000084b00000|100%| O|  |TAMS 0x0000000084b00000, 0x0000000084b00000| Untracked 
|  75|0x0000000084b00000, 0x0000000084c00000, 0x0000000084c00000|100%| O|  |TAMS 0x0000000084c00000, 0x0000000084c00000| Untracked 
|  76|0x0000000084c00000, 0x0000000084d00000, 0x0000000084d00000|100%| O|  |TAMS 0x0000000084d00000, 0x0000000084d00000| Untracked 
|  77|0x0000000084d00000, 0x0000000084e00000, 0x0000000084e00000|100%| O|  |TAMS 0x0000000084e00000, 0x0000000084e00000| Untracked 
|  78|0x0000000084e00000, 0x0000000084f00000, 0x0000000084f00000|100%| O|  |TAMS 0x0000000084f00000, 0x0000000084f00000| Untracked 
|  79|0x0000000084f00000, 0x0000000085000000, 0x0000000085000000|100%| O|  |TAMS 0x0000000085000000, 0x0000000085000000| Untracked 
|  80|0x0000000085000000, 0x0000000085100000, 0x0000000085100000|100%| O|  |TAMS 0x0000000085100000, 0x0000000085100000| Untracked 
|  81|0x0000000085100000, 0x0000000085200000, 0x0000000085200000|100%| O|  |TAMS 0x0000000085200000, 0x0000000085200000| Untracked 
|  82|0x0000000085200000, 0x0000000085300000, 0x0000000085300000|100%| O|  |TAMS 0x0000000085300000, 0x0000000085300000| Untracked 
|  83|0x0000000085300000, 0x0000000085400000, 0x0000000085400000|100%| O|  |TAMS 0x0000000085400000, 0x0000000085400000| Untracked 
|  84|0x0000000085400000, 0x0000000085500000, 0x0000000085500000|100%| O|  |TAMS 0x0000000085500000, 0x0000000085500000| Untracked 
|  85|0x0000000085500000, 0x0000000085600000, 0x0000000085600000|100%|HS|  |TAMS 0x0000000085600000, 0x0000000085600000| Complete 
|  86|0x0000000085600000, 0x0000000085700000, 0x0000000085700000|100%| O|  |TAMS 0x0000000085700000, 0x0000000085700000| Untracked 
|  87|0x0000000085700000, 0x0000000085800000, 0x0000000085800000|100%|HS|  |TAMS 0x0000000085800000, 0x0000000085800000| Complete 
|  88|0x0000000085800000, 0x0000000085900000, 0x0000000085900000|100%|HC|  |TAMS 0x0000000085900000, 0x0000000085900000| Complete 
|  89|0x0000000085900000, 0x0000000085a00000, 0x0000000085a00000|100%| O|  |TAMS 0x0000000085a00000, 0x0000000085a00000| Untracked 
|  90|0x0000000085a00000, 0x0000000085b00000, 0x0000000085b00000|100%| O|  |TAMS 0x0000000085b00000, 0x0000000085b00000| Untracked 
|  91|0x0000000085b00000, 0x0000000085c00000, 0x0000000085c00000|100%| O|  |TAMS 0x0000000085c00000, 0x0000000085c00000| Untracked 
|  92|0x0000000085c00000, 0x0000000085d00000, 0x0000000085d00000|100%| O|  |TAMS 0x0000000085d00000, 0x0000000085d00000| Untracked 
|  93|0x0000000085d00000, 0x0000000085e00000, 0x0000000085e00000|100%| O|  |TAMS 0x0000000085e00000, 0x0000000085e00000| Untracked 
|  94|0x0000000085e00000, 0x0000000085f00000, 0x0000000085f00000|100%| O|  |TAMS 0x0000000085f00000, 0x0000000085f00000| Untracked 
|  95|0x0000000085f00000, 0x0000000086000000, 0x0000000086000000|100%| O|  |TAMS 0x0000000086000000, 0x0000000086000000| Untracked 
|  96|0x0000000086000000, 0x0000000086100000, 0x0000000086100000|100%| O|  |TAMS 0x0000000086100000, 0x0000000086100000| Untracked 
|  97|0x0000000086100000, 0x0000000086200000, 0x0000000086200000|100%| O|  |TAMS 0x0000000086200000, 0x0000000086200000| Untracked 
|  98|0x0000000086200000, 0x0000000086300000, 0x0000000086300000|100%| O|  |TAMS 0x0000000086300000, 0x0000000086300000| Untracked 
|  99|0x0000000086300000, 0x0000000086400000, 0x0000000086400000|100%| O|  |TAMS 0x0000000086400000, 0x0000000086400000| Untracked 
| 100|0x0000000086400000, 0x0000000086500000, 0x0000000086500000|100%| O|  |TAMS 0x0000000086500000, 0x0000000086500000| Untracked 
| 101|0x0000000086500000, 0x0000000086600000, 0x0000000086600000|100%| O|  |TAMS 0x0000000086600000, 0x0000000086600000| Untracked 
| 102|0x0000000086600000, 0x0000000086700000, 0x0000000086700000|100%|HS|  |TAMS 0x0000000086700000, 0x0000000086700000| Complete 
| 103|0x0000000086700000, 0x0000000086800000, 0x0000000086800000|100%| O|  |TAMS 0x0000000086800000, 0x0000000086800000| Untracked 
| 104|0x0000000086800000, 0x0000000086900000, 0x0000000086900000|100%| O|  |TAMS 0x0000000086900000, 0x0000000086900000| Untracked 
| 105|0x0000000086900000, 0x0000000086a00000, 0x0000000086a00000|100%| O|  |TAMS 0x0000000086a00000, 0x0000000086a00000| Untracked 
| 106|0x0000000086a00000, 0x0000000086b00000, 0x0000000086b00000|100%| O|  |TAMS 0x0000000086b00000, 0x0000000086b00000| Untracked 
| 107|0x0000000086b00000, 0x0000000086c00000, 0x0000000086c00000|100%| O|  |TAMS 0x0000000086c00000, 0x0000000086c00000| Untracked 
| 108|0x0000000086c00000, 0x0000000086d00000, 0x0000000086d00000|100%| O|  |TAMS 0x0000000086d00000, 0x0000000086d00000| Untracked 
| 109|0x0000000086d00000, 0x0000000086e00000, 0x0000000086e00000|100%| O|  |TAMS 0x0000000086e00000, 0x0000000086e00000| Untracked 
| 110|0x0000000086e00000, 0x0000000086f00000, 0x0000000086f00000|100%| O|  |TAMS 0x0000000086f00000, 0x0000000086f00000| Untracked 
| 111|0x0000000086f00000, 0x0000000087000000, 0x0000000087000000|100%| O|  |TAMS 0x0000000087000000, 0x0000000087000000| Untracked 
| 112|0x0000000087000000, 0x0000000087100000, 0x0000000087100000|100%| O|  |TAMS 0x0000000087100000, 0x0000000087100000| Untracked 
| 113|0x0000000087100000, 0x0000000087200000, 0x0000000087200000|100%| O|  |TAMS 0x00000000871a9800, 0x0000000087200000| Untracked 
| 114|0x0000000087200000, 0x0000000087300000, 0x0000000087300000|100%| O|  |TAMS 0x0000000087300000, 0x0000000087300000| Untracked 
| 115|0x0000000087300000, 0x0000000087400000, 0x0000000087400000|100%| O|  |TAMS 0x0000000087400000, 0x0000000087400000| Untracked 
| 116|0x0000000087400000, 0x0000000087500000, 0x0000000087500000|100%| O|  |TAMS 0x0000000087500000, 0x0000000087500000| Untracked 
| 117|0x0000000087500000, 0x0000000087600000, 0x0000000087600000|100%| O|  |TAMS 0x0000000087600000, 0x0000000087600000| Untracked 
| 118|0x0000000087600000, 0x0000000087700000, 0x0000000087700000|100%| O|  |TAMS 0x0000000087700000, 0x0000000087700000| Untracked 
| 119|0x0000000087700000, 0x0000000087800000, 0x0000000087800000|100%| O|  |TAMS 0x0000000087800000, 0x0000000087800000| Untracked 
| 120|0x0000000087800000, 0x0000000087900000, 0x0000000087900000|100%| O|  |TAMS 0x0000000087900000, 0x0000000087900000| Untracked 
| 121|0x0000000087900000, 0x0000000087a00000, 0x0000000087a00000|100%| O|  |TAMS 0x0000000087a00000, 0x0000000087a00000| Untracked 
| 122|0x0000000087a00000, 0x0000000087b00000, 0x0000000087b00000|100%|HS|  |TAMS 0x0000000087b00000, 0x0000000087b00000| Complete 
| 123|0x0000000087b00000, 0x0000000087c00000, 0x0000000087c00000|100%|HC|  |TAMS 0x0000000087c00000, 0x0000000087c00000| Complete 
| 124|0x0000000087c00000, 0x0000000087d00000, 0x0000000087d00000|100%|HC|  |TAMS 0x0000000087d00000, 0x0000000087d00000| Complete 
| 125|0x0000000087d00000, 0x0000000087e00000, 0x0000000087e00000|100%|HS|  |TAMS 0x0000000087e00000, 0x0000000087e00000| Complete 
| 126|0x0000000087e00000, 0x0000000087f00000, 0x0000000087f00000|100%| O|  |TAMS 0x0000000087f00000, 0x0000000087f00000| Untracked 
| 127|0x0000000087f00000, 0x0000000088000000, 0x0000000088000000|100%| O|  |TAMS 0x0000000088000000, 0x0000000088000000| Untracked 
| 128|0x0000000088000000, 0x0000000088100000, 0x0000000088100000|100%|HS|  |TAMS 0x0000000088100000, 0x0000000088100000| Complete 
| 129|0x0000000088100000, 0x0000000088200000, 0x0000000088200000|100%|HC|  |TAMS 0x0000000088200000, 0x0000000088200000| Complete 
| 130|0x0000000088200000, 0x0000000088300000, 0x0000000088300000|100%| O|  |TAMS 0x0000000088300000, 0x0000000088300000| Untracked 
| 131|0x0000000088300000, 0x0000000088400000, 0x0000000088400000|100%|HS|  |TAMS 0x0000000088400000, 0x0000000088400000| Complete 
| 132|0x0000000088400000, 0x0000000088500000, 0x0000000088500000|100%| O|  |TAMS 0x0000000088500000, 0x0000000088500000| Untracked 
| 133|0x0000000088500000, 0x0000000088600000, 0x0000000088600000|100%|HS|  |TAMS 0x0000000088600000, 0x0000000088600000| Complete 
| 134|0x0000000088600000, 0x0000000088700000, 0x0000000088700000|100%| O|  |TAMS 0x0000000088600000, 0x0000000088700000| Untracked 
| 135|0x0000000088700000, 0x0000000088800000, 0x0000000088800000|100%| O|  |TAMS 0x0000000088800000, 0x0000000088800000| Untracked 
| 136|0x0000000088800000, 0x0000000088900000, 0x0000000088900000|100%| O|  |TAMS 0x0000000088900000, 0x0000000088900000| Untracked 
| 137|0x0000000088900000, 0x0000000088a00000, 0x0000000088a00000|100%|HS|  |TAMS 0x0000000088a00000, 0x0000000088a00000| Complete 
| 138|0x0000000088a00000, 0x0000000088b00000, 0x0000000088b00000|100%|HC|  |TAMS 0x0000000088b00000, 0x0000000088b00000| Complete 
| 139|0x0000000088b00000, 0x0000000088c00000, 0x0000000088c00000|100%|HC|  |TAMS 0x0000000088c00000, 0x0000000088c00000| Complete 
| 140|0x0000000088c00000, 0x0000000088d00000, 0x0000000088d00000|100%| O|  |TAMS 0x0000000088d00000, 0x0000000088d00000| Untracked 
| 141|0x0000000088d00000, 0x0000000088e00000, 0x0000000088e00000|100%|HS|  |TAMS 0x0000000088e00000, 0x0000000088e00000| Complete 
| 142|0x0000000088e00000, 0x0000000088f00000, 0x0000000088f00000|100%| O|  |TAMS 0x0000000088f00000, 0x0000000088f00000| Untracked 
| 143|0x0000000088f00000, 0x0000000089000000, 0x0000000089000000|100%| O|  |TAMS 0x0000000089000000, 0x0000000089000000| Untracked 
| 144|0x0000000089000000, 0x0000000089100000, 0x0000000089100000|100%| O|  |TAMS 0x0000000089100000, 0x0000000089100000| Untracked 
| 145|0x0000000089100000, 0x0000000089200000, 0x0000000089200000|100%|HS|  |TAMS 0x0000000089200000, 0x0000000089200000| Complete 
| 146|0x0000000089200000, 0x0000000089300000, 0x0000000089300000|100%| O|  |TAMS 0x0000000089300000, 0x0000000089300000| Untracked 
| 147|0x0000000089300000, 0x0000000089400000, 0x0000000089400000|100%| O|  |TAMS 0x0000000089400000, 0x0000000089400000| Untracked 
| 148|0x0000000089400000, 0x0000000089500000, 0x0000000089500000|100%| O|  |TAMS 0x0000000089500000, 0x0000000089500000| Untracked 
| 149|0x0000000089500000, 0x0000000089600000, 0x0000000089600000|100%| O|  |TAMS 0x0000000089600000, 0x0000000089600000| Untracked 
| 150|0x0000000089600000, 0x0000000089700000, 0x0000000089700000|100%| O|  |TAMS 0x0000000089700000, 0x0000000089700000| Untracked 
| 151|0x0000000089700000, 0x0000000089800000, 0x0000000089800000|100%| O|  |TAMS 0x0000000089800000, 0x0000000089800000| Untracked 
| 152|0x0000000089800000, 0x0000000089900000, 0x0000000089900000|100%| O|  |TAMS 0x0000000089900000, 0x0000000089900000| Untracked 
| 153|0x0000000089900000, 0x0000000089a00000, 0x0000000089a00000|100%| O|  |TAMS 0x0000000089a00000, 0x0000000089a00000| Untracked 
| 154|0x0000000089a00000, 0x0000000089b00000, 0x0000000089b00000|100%| O|  |TAMS 0x0000000089b00000, 0x0000000089b00000| Untracked 
| 155|0x0000000089b00000, 0x0000000089c00000, 0x0000000089c00000|100%| O|  |TAMS 0x0000000089c00000, 0x0000000089c00000| Untracked 
| 156|0x0000000089c00000, 0x0000000089d00000, 0x0000000089d00000|100%| O|  |TAMS 0x0000000089d00000, 0x0000000089d00000| Untracked 
| 157|0x0000000089d00000, 0x0000000089e00000, 0x0000000089e00000|100%| O|  |TAMS 0x0000000089e00000, 0x0000000089e00000| Untracked 
| 158|0x0000000089e00000, 0x0000000089f00000, 0x0000000089f00000|100%| O|  |TAMS 0x0000000089f00000, 0x0000000089f00000| Untracked 
| 159|0x0000000089f00000, 0x000000008a000000, 0x000000008a000000|100%| O|  |TAMS 0x000000008a000000, 0x000000008a000000| Untracked 
| 160|0x000000008a000000, 0x000000008a100000, 0x000000008a100000|100%| O|  |TAMS 0x000000008a100000, 0x000000008a100000| Untracked 
| 161|0x000000008a100000, 0x000000008a200000, 0x000000008a200000|100%| O|  |TAMS 0x000000008a200000, 0x000000008a200000| Untracked 
| 162|0x000000008a200000, 0x000000008a300000, 0x000000008a300000|100%| O|  |TAMS 0x000000008a300000, 0x000000008a300000| Untracked 
| 163|0x000000008a300000, 0x000000008a400000, 0x000000008a400000|100%| O|  |TAMS 0x000000008a300000, 0x000000008a400000| Untracked 
| 164|0x000000008a400000, 0x000000008a500000, 0x000000008a500000|100%| O|  |TAMS 0x000000008a400000, 0x000000008a500000| Untracked 
| 165|0x000000008a500000, 0x000000008a600000, 0x000000008a600000|100%| O|  |TAMS 0x000000008a500000, 0x000000008a600000| Untracked 
| 166|0x000000008a600000, 0x000000008a700000, 0x000000008a700000|100%| O|  |TAMS 0x000000008a600000, 0x000000008a700000| Untracked 
| 167|0x000000008a700000, 0x000000008a800000, 0x000000008a800000|100%| O|  |TAMS 0x000000008a700000, 0x000000008a800000| Untracked 
| 168|0x000000008a800000, 0x000000008a900000, 0x000000008a900000|100%| O|  |TAMS 0x000000008a800000, 0x000000008a900000| Untracked 
| 169|0x000000008a900000, 0x000000008aa00000, 0x000000008aa00000|100%| O|  |TAMS 0x000000008a900000, 0x000000008aa00000| Untracked 
| 170|0x000000008aa00000, 0x000000008ab00000, 0x000000008ab00000|100%| O|  |TAMS 0x000000008aa00000, 0x000000008ab00000| Untracked 
| 171|0x000000008ab00000, 0x000000008ac00000, 0x000000008ac00000|100%| O|  |TAMS 0x000000008ab00000, 0x000000008ac00000| Untracked 
| 172|0x000000008ac00000, 0x000000008ad00000, 0x000000008ad00000|100%| O|  |TAMS 0x000000008ac00000, 0x000000008ad00000| Untracked 
| 173|0x000000008ad00000, 0x000000008ae00000, 0x000000008ae00000|100%| O|  |TAMS 0x000000008ad00000, 0x000000008ae00000| Untracked 
| 174|0x000000008ae00000, 0x000000008af00000, 0x000000008af00000|100%| O|  |TAMS 0x000000008ae00000, 0x000000008af00000| Untracked 
| 175|0x000000008af00000, 0x000000008b000000, 0x000000008b000000|100%| O|  |TAMS 0x000000008af00000, 0x000000008b000000| Untracked 
| 176|0x000000008b000000, 0x000000008b100000, 0x000000008b100000|100%| O|  |TAMS 0x000000008b000000, 0x000000008b100000| Untracked 
| 177|0x000000008b100000, 0x000000008b200000, 0x000000008b200000|100%| O|  |TAMS 0x000000008b100000, 0x000000008b200000| Untracked 
| 178|0x000000008b200000, 0x000000008b300000, 0x000000008b300000|100%| O|  |TAMS 0x000000008b200000, 0x000000008b300000| Untracked 
| 179|0x000000008b300000, 0x000000008b400000, 0x000000008b400000|100%| O|  |TAMS 0x000000008b300000, 0x000000008b400000| Untracked 
| 180|0x000000008b400000, 0x000000008b500000, 0x000000008b500000|100%| O|  |TAMS 0x000000008b400000, 0x000000008b500000| Untracked 
| 181|0x000000008b500000, 0x000000008b600000, 0x000000008b600000|100%| O|  |TAMS 0x000000008b500000, 0x000000008b600000| Untracked 
| 182|0x000000008b600000, 0x000000008b700000, 0x000000008b700000|100%| O|  |TAMS 0x000000008b600000, 0x000000008b700000| Untracked 
| 183|0x000000008b700000, 0x000000008b800000, 0x000000008b800000|100%| O|  |TAMS 0x000000008b800000, 0x000000008b800000| Untracked 
| 184|0x000000008b800000, 0x000000008b900000, 0x000000008b900000|100%| O|  |TAMS 0x000000008b900000, 0x000000008b900000| Untracked 
| 185|0x000000008b900000, 0x000000008ba00000, 0x000000008ba00000|100%| O|  |TAMS 0x000000008b900000, 0x000000008ba00000| Untracked 
| 186|0x000000008ba00000, 0x000000008bb00000, 0x000000008bb00000|100%| O|  |TAMS 0x000000008ba00000, 0x000000008bb00000| Untracked 
| 187|0x000000008bb00000, 0x000000008bc00000, 0x000000008bc00000|100%| O|  |TAMS 0x000000008bb00000, 0x000000008bc00000| Untracked 
| 188|0x000000008bc00000, 0x000000008bd00000, 0x000000008bd00000|100%| O|  |TAMS 0x000000008bd00000, 0x000000008bd00000| Untracked 
| 189|0x000000008bd00000, 0x000000008be00000, 0x000000008be00000|100%| O|  |TAMS 0x000000008bd00000, 0x000000008be00000| Untracked 
| 190|0x000000008be00000, 0x000000008bf00000, 0x000000008bf00000|100%| O|  |TAMS 0x000000008be00000, 0x000000008bf00000| Untracked 
| 191|0x000000008bf00000, 0x000000008c000000, 0x000000008c000000|100%| O|  |TAMS 0x000000008c000000, 0x000000008c000000| Untracked 
| 192|0x000000008c000000, 0x000000008c100000, 0x000000008c100000|100%| O|  |TAMS 0x000000008c100000, 0x000000008c100000| Untracked 
| 193|0x000000008c100000, 0x000000008c200000, 0x000000008c200000|100%| O|  |TAMS 0x000000008c200000, 0x000000008c200000| Untracked 
| 194|0x000000008c200000, 0x000000008c300000, 0x000000008c300000|100%| O|  |TAMS 0x000000008c300000, 0x000000008c300000| Untracked 
| 195|0x000000008c300000, 0x000000008c400000, 0x000000008c400000|100%| O|  |TAMS 0x000000008c300000, 0x000000008c400000| Untracked 
| 196|0x000000008c400000, 0x000000008c500000, 0x000000008c500000|100%| O|  |TAMS 0x000000008c400000, 0x000000008c500000| Untracked 
| 197|0x000000008c500000, 0x000000008c600000, 0x000000008c600000|100%| O|  |TAMS 0x000000008c500000, 0x000000008c600000| Untracked 
| 198|0x000000008c600000, 0x000000008c700000, 0x000000008c700000|100%| O|  |TAMS 0x000000008c600000, 0x000000008c700000| Untracked 
| 199|0x000000008c700000, 0x000000008c800000, 0x000000008c800000|100%| O|  |TAMS 0x000000008c700000, 0x000000008c800000| Untracked 
| 200|0x000000008c800000, 0x000000008c88f200, 0x000000008c900000| 55%| O|  |TAMS 0x000000008c800000, 0x000000008c88f200| Untracked 
| 201|0x000000008c900000, 0x000000008c900000, 0x000000008ca00000|  0%| F|  |TAMS 0x000000008c900000, 0x000000008c900000| Untracked 
| 202|0x000000008ca00000, 0x000000008ca00000, 0x000000008cb00000|  0%| F|  |TAMS 0x000000008ca00000, 0x000000008ca00000| Untracked 
| 203|0x000000008cb00000, 0x000000008cb00000, 0x000000008cc00000|  0%| F|  |TAMS 0x000000008cb00000, 0x000000008cb00000| Untracked 
| 204|0x000000008cc00000, 0x000000008cc00000, 0x000000008cd00000|  0%| F|  |TAMS 0x000000008cc00000, 0x000000008cc00000| Untracked 
| 205|0x000000008cd00000, 0x000000008cd00000, 0x000000008ce00000|  0%| F|  |TAMS 0x000000008cd00000, 0x000000008cd00000| Untracked 
| 206|0x000000008ce00000, 0x000000008ce00000, 0x000000008cf00000|  0%| F|  |TAMS 0x000000008ce00000, 0x000000008ce00000| Untracked 
| 207|0x000000008cf00000, 0x000000008cf00000, 0x000000008d000000|  0%| F|  |TAMS 0x000000008cf00000, 0x000000008cf00000| Untracked 
| 208|0x000000008d000000, 0x000000008d000000, 0x000000008d100000|  0%| F|  |TAMS 0x000000008d000000, 0x000000008d000000| Untracked 
| 209|0x000000008d100000, 0x000000008d100000, 0x000000008d200000|  0%| F|  |TAMS 0x000000008d100000, 0x000000008d100000| Untracked 
| 210|0x000000008d200000, 0x000000008d200000, 0x000000008d300000|  0%| F|  |TAMS 0x000000008d200000, 0x000000008d200000| Untracked 
| 211|0x000000008d300000, 0x000000008d300000, 0x000000008d400000|  0%| F|  |TAMS 0x000000008d300000, 0x000000008d300000| Untracked 
| 212|0x000000008d400000, 0x000000008d400000, 0x000000008d500000|  0%| F|  |TAMS 0x000000008d400000, 0x000000008d400000| Untracked 
| 213|0x000000008d500000, 0x000000008d500000, 0x000000008d600000|  0%| F|  |TAMS 0x000000008d500000, 0x000000008d500000| Untracked 
| 214|0x000000008d600000, 0x000000008d600000, 0x000000008d700000|  0%| F|  |TAMS 0x000000008d600000, 0x000000008d600000| Untracked 
| 215|0x000000008d700000, 0x000000008d700000, 0x000000008d800000|  0%| F|  |TAMS 0x000000008d700000, 0x000000008d700000| Untracked 
| 216|0x000000008d800000, 0x000000008d800000, 0x000000008d900000|  0%| F|  |TAMS 0x000000008d800000, 0x000000008d800000| Untracked 
| 217|0x000000008d900000, 0x000000008d900000, 0x000000008da00000|  0%| F|  |TAMS 0x000000008d900000, 0x000000008d900000| Untracked 
| 218|0x000000008da00000, 0x000000008da00000, 0x000000008db00000|  0%| F|  |TAMS 0x000000008da00000, 0x000000008da00000| Untracked 
| 219|0x000000008db00000, 0x000000008db00000, 0x000000008dc00000|  0%| F|  |TAMS 0x000000008db00000, 0x000000008db00000| Untracked 
| 220|0x000000008dc00000, 0x000000008dc00000, 0x000000008dd00000|  0%| F|  |TAMS 0x000000008dc00000, 0x000000008dc00000| Untracked 
| 221|0x000000008dd00000, 0x000000008dd00000, 0x000000008de00000|  0%| F|  |TAMS 0x000000008dd00000, 0x000000008dd00000| Untracked 
| 222|0x000000008de00000, 0x000000008de00000, 0x000000008df00000|  0%| F|  |TAMS 0x000000008de00000, 0x000000008de00000| Untracked 
| 223|0x000000008df00000, 0x000000008df00000, 0x000000008e000000|  0%| F|  |TAMS 0x000000008df00000, 0x000000008df00000| Untracked 
| 224|0x000000008e000000, 0x000000008e000000, 0x000000008e100000|  0%| F|  |TAMS 0x000000008e000000, 0x000000008e000000| Untracked 
| 225|0x000000008e100000, 0x000000008e100000, 0x000000008e200000|  0%| F|  |TAMS 0x000000008e100000, 0x000000008e100000| Untracked 
| 226|0x000000008e200000, 0x000000008e200000, 0x000000008e300000|  0%| F|  |TAMS 0x000000008e200000, 0x000000008e200000| Untracked 
| 227|0x000000008e300000, 0x000000008e300000, 0x000000008e400000|  0%| F|  |TAMS 0x000000008e300000, 0x000000008e300000| Untracked 
| 228|0x000000008e400000, 0x000000008e400000, 0x000000008e500000|  0%| F|  |TAMS 0x000000008e400000, 0x000000008e400000| Untracked 
| 229|0x000000008e500000, 0x000000008e500000, 0x000000008e600000|  0%| F|  |TAMS 0x000000008e500000, 0x000000008e500000| Untracked 
| 230|0x000000008e600000, 0x000000008e600000, 0x000000008e700000|  0%| F|  |TAMS 0x000000008e600000, 0x000000008e600000| Untracked 
| 231|0x000000008e700000, 0x000000008e700000, 0x000000008e800000|  0%| F|  |TAMS 0x000000008e700000, 0x000000008e700000| Untracked 
| 232|0x000000008e800000, 0x000000008e800000, 0x000000008e900000|  0%| F|  |TAMS 0x000000008e800000, 0x000000008e800000| Untracked 
| 233|0x000000008e900000, 0x000000008e900000, 0x000000008ea00000|  0%| F|  |TAMS 0x000000008e900000, 0x000000008e900000| Untracked 
| 234|0x000000008ea00000, 0x000000008ea00000, 0x000000008eb00000|  0%| F|  |TAMS 0x000000008ea00000, 0x000000008ea00000| Untracked 
| 235|0x000000008eb00000, 0x000000008eb00000, 0x000000008ec00000|  0%| F|  |TAMS 0x000000008eb00000, 0x000000008eb00000| Untracked 
| 236|0x000000008ec00000, 0x000000008ec00000, 0x000000008ed00000|  0%| F|  |TAMS 0x000000008ec00000, 0x000000008ec00000| Untracked 
| 237|0x000000008ed00000, 0x000000008ed00000, 0x000000008ee00000|  0%| F|  |TAMS 0x000000008ed00000, 0x000000008ed00000| Untracked 
| 238|0x000000008ee00000, 0x000000008ee00000, 0x000000008ef00000|  0%| F|  |TAMS 0x000000008ee00000, 0x000000008ee00000| Untracked 
| 239|0x000000008ef00000, 0x000000008ef00000, 0x000000008f000000|  0%| F|  |TAMS 0x000000008ef00000, 0x000000008ef00000| Untracked 
| 240|0x000000008f000000, 0x000000008f000000, 0x000000008f100000|  0%| F|  |TAMS 0x000000008f000000, 0x000000008f000000| Untracked 
| 241|0x000000008f100000, 0x000000008f100000, 0x000000008f200000|  0%| F|  |TAMS 0x000000008f100000, 0x000000008f100000| Untracked 
| 242|0x000000008f200000, 0x000000008f300000, 0x000000008f300000|100%| S|CS|TAMS 0x000000008f200000, 0x000000008f200000| Complete 
| 243|0x000000008f300000, 0x000000008f300000, 0x000000008f400000|  0%| F|  |TAMS 0x000000008f300000, 0x000000008f300000| Untracked 
| 244|0x000000008f400000, 0x000000008f400000, 0x000000008f500000|  0%| F|  |TAMS 0x000000008f400000, 0x000000008f400000| Untracked 
| 245|0x000000008f500000, 0x000000008f500000, 0x000000008f600000|  0%| F|  |TAMS 0x000000008f500000, 0x000000008f500000| Untracked 
| 246|0x000000008f600000, 0x000000008f700000, 0x000000008f700000|100%| S|CS|TAMS 0x000000008f600000, 0x000000008f600000| Complete 
| 247|0x000000008f700000, 0x000000008f700000, 0x000000008f800000|  0%| F|  |TAMS 0x000000008f700000, 0x000000008f700000| Untracked 
| 248|0x000000008f800000, 0x000000008f800000, 0x000000008f900000|  0%| F|  |TAMS 0x000000008f800000, 0x000000008f800000| Untracked 
| 249|0x000000008f900000, 0x000000008f900000, 0x000000008fa00000|  0%| F|  |TAMS 0x000000008f900000, 0x000000008f900000| Untracked 
| 250|0x000000008fa00000, 0x000000008fa00000, 0x000000008fb00000|  0%| F|  |TAMS 0x000000008fa00000, 0x000000008fa00000| Untracked 
| 251|0x000000008fb00000, 0x000000008fb00000, 0x000000008fc00000|  0%| F|  |TAMS 0x000000008fb00000, 0x000000008fb00000| Untracked 
| 252|0x000000008fc00000, 0x000000008fc00000, 0x000000008fd00000|  0%| F|  |TAMS 0x000000008fc00000, 0x000000008fc00000| Untracked 
| 253|0x000000008fd00000, 0x000000008fd00000, 0x000000008fe00000|  0%| F|  |TAMS 0x000000008fd00000, 0x000000008fd00000| Untracked 
| 254|0x000000008fe00000, 0x000000008fe00000, 0x000000008ff00000|  0%| F|  |TAMS 0x000000008fe00000, 0x000000008fe00000| Untracked 
| 255|0x000000008ff00000, 0x000000008ff00000, 0x0000000090000000|  0%| F|  |TAMS 0x000000008ff00000, 0x000000008ff00000| Untracked 
| 256|0x0000000090000000, 0x0000000090000000, 0x0000000090100000|  0%| F|  |TAMS 0x0000000090000000, 0x0000000090000000| Untracked 
| 257|0x0000000090100000, 0x0000000090100000, 0x0000000090200000|  0%| F|  |TAMS 0x0000000090100000, 0x0000000090100000| Untracked 
| 258|0x0000000090200000, 0x0000000090200000, 0x0000000090300000|  0%| F|  |TAMS 0x0000000090200000, 0x0000000090200000| Untracked 
| 259|0x0000000090300000, 0x0000000090300000, 0x0000000090400000|  0%| F|  |TAMS 0x0000000090300000, 0x0000000090300000| Untracked 
| 260|0x0000000090400000, 0x0000000090400000, 0x0000000090500000|  0%| F|  |TAMS 0x0000000090400000, 0x0000000090400000| Untracked 

Card table byte_map: [0x000001aba9fa0000,0x000001abaa3a0000] _byte_map_base: 0x000001aba9ba0000

Marking Bits (Prev, Next): (CMBitMap*) 0x000001ab96dbfc88, (CMBitMap*) 0x000001ab96dbfcc0
 Prev Bits: [0x000001abaa7a0000, 0x000001abac7a0000)
 Next Bits: [0x000001abac7a0000, 0x000001abae7a0000)

Polling page: 0x000001ab94cb0000

Metaspace:

Usage:
  Non-class:     96.95 MB capacity,    94.95 MB ( 98%) used,     1.66 MB (  2%) free+waste,   354.56 KB ( <1%) overhead. 
      Class:     15.35 MB capacity,    14.17 MB ( 92%) used,     1.02 MB (  7%) free+waste,   162.25 KB (  1%) overhead. 
       Both:    112.30 MB capacity,   109.12 MB ( 97%) used,     2.67 MB (  2%) free+waste,   516.81 KB ( <1%) overhead. 

Virtual space:
  Non-class space:       98.00 MB reserved,      97.00 MB ( 99%) committed 
      Class space:        1.00 GB reserved,      15.38 MB (  2%) committed 
             Both:        1.10 GB reserved,     112.38 MB ( 10%) committed 

Chunk freelists:
   Non-Class:  0 bytes
       Class:  0 bytes
        Both:  0 bytes

MaxMetaspaceSize: 17179869184.00 GB
CompressedClassSpaceSize: 1.00 GB

CodeHeap 'non-profiled nmethods': size=120000Kb used=9003Kb max_used=9003Kb free=110996Kb
 bounds [0x000001aba2340000, 0x000001aba2c10000, 0x000001aba9870000]
CodeHeap 'profiled nmethods': size=120000Kb used=31966Kb max_used=31966Kb free=88033Kb
 bounds [0x000001ab9ae10000, 0x000001ab9cd50000, 0x000001aba2340000]
CodeHeap 'non-nmethods': size=5760Kb used=2342Kb max_used=2417Kb free=3417Kb
 bounds [0x000001ab9a870000, 0x000001ab9aae0000, 0x000001ab9ae10000]
 total_blobs=15287 nmethods=14330 adapters=868
 compilation: enabled
              stopped_count=0, restarted_count=0
 full_count=0

Compilation events (20 events):
Event: 35.769 Thread 0x000001abb1b23800 14451       2       com.android.tools.r8.internal.gr::f (6 bytes)
Event: 35.769 Thread 0x000001abb1b23800 nmethod 14451 0x000001ab9cd44710 code [0x000001ab9cd448c0, 0x000001ab9cd449b8]
Event: 35.769 Thread 0x000001abb1b23800 14452       2       com.android.tools.r8.graph.Z::a (61 bytes)
Event: 35.769 Thread 0x000001abb1b23800 nmethod 14452 0x000001ab9cd44a90 code [0x000001ab9cd44c40, 0x000001ab9cd44d78]
Event: 35.769 Thread 0x000001abb1b23800 14449       1       com.android.tools.r8.internal.ib::b (5 bytes)
Event: 35.770 Thread 0x000001abb1b23800 nmethod 14449 0x000001aba2c0aa90 code [0x000001aba2c0ac40, 0x000001aba2c0acf8]
Event: 35.770 Thread 0x000001abb1b23800 14453       2       com.android.tools.r8.internal.Aj::a (10 bytes)
Event: 35.770 Thread 0x000001abb1b23800 nmethod 14453 0x000001ab9cd44e10 code [0x000001ab9cd44fe0, 0x000001ab9cd45268]
Event: 35.770 Thread 0x000001abb1b23800 14454       2       com.android.tools.r8.internal.zj::<init> (22 bytes)
Event: 35.770 Thread 0x000001abb1b23800 nmethod 14454 0x000001ab9cd45390 code [0x000001ab9cd45560, 0x000001ab9cd457a8]
Event: 35.775 Thread 0x000001abb1b23800 14456       2       com.android.tools.r8.internal.qr$$Lambda$1629/0x0000000100c0c040::get$Lambda (9 bytes)
Event: 35.775 Thread 0x000001abb1b23800 nmethod 14456 0x000001ab9cd45890 code [0x000001ab9cd45a40, 0x000001ab9cd45bb8]
Event: 35.775 Thread 0x000001abb1b23800 14457       2       com.android.tools.r8.internal.qr::c (7 bytes)
Event: 35.776 Thread 0x000001abb1b23800 nmethod 14457 0x000001ab9cd45c90 code [0x000001ab9cd45e40, 0x000001ab9cd45fd8]
Event: 35.776 Thread 0x000001abb1b23800 14458       2       com.android.tools.r8.internal.qr$$Lambda$1629/0x0000000100c0c040::iterator (8 bytes)
Event: 35.776 Thread 0x000001abb1b23800 nmethod 14458 0x000001ab9cd46110 code [0x000001ab9cd46300, 0x000001ab9cd467f8]
Event: 35.776 Thread 0x000001abb1b23800 14459       2       com.android.tools.r8.internal.qr::k (25 bytes)
Event: 35.777 Thread 0x000001abb1b23800 nmethod 14459 0x000001ab9cd46a10 code [0x000001ab9cd46c00, 0x000001ab9cd470d8]
Event: 35.778 Thread 0x000001abb1b23800 14460       2       com.android.tools.r8.internal.qr::d (53 bytes)
Event: 35.778 Thread 0x000001abb1b23800 nmethod 14460 0x000001ab9cd47290 code [0x000001ab9cd474a0, 0x000001ab9cd478f8]

GC Heap History (20 events):
Event: 34.782 GC heap after
{Heap after GC invocations=45 (full 0):
 garbage-first heap   total 199680K, used 160087K [0x0000000080000000, 0x0000000100000000)
  region size 1024K, 2 young (2048K), 2 survivors (2048K)
 Metaspace       used 107738K, capacity 110711K, committed 110976K, reserved 1144832K
  class space    used 13774K, capacity 14877K, committed 14976K, reserved 1048576K
}
Event: 34.890 GC heap before
{Heap before GC invocations=45 (full 0):
 garbage-first heap   total 199680K, used 169303K [0x0000000080000000, 0x0000000100000000)
  region size 1024K, 11 young (11264K), 2 survivors (2048K)
 Metaspace       used 108567K, capacity 111614K, committed 111872K, reserved 1146880K
  class space    used 13951K, capacity 15055K, committed 15104K, reserved 1048576K
}
Event: 34.898 GC heap after
{Heap after GC invocations=46 (full 0):
 garbage-first heap   total 199680K, used 164185K [0x0000000080000000, 0x0000000100000000)
  region size 1024K, 2 young (2048K), 2 survivors (2048K)
 Metaspace       used 108567K, capacity 111614K, committed 111872K, reserved 1146880K
  class space    used 13951K, capacity 15055K, committed 15104K, reserved 1048576K
}
Event: 35.012 GC heap before
{Heap before GC invocations=46 (full 0):
 garbage-first heap   total 199680K, used 171353K [0x0000000080000000, 0x0000000100000000)
  region size 1024K, 9 young (9216K), 2 survivors (2048K)
 Metaspace       used 109832K, capacity 112917K, committed 113024K, reserved 1146880K
  class space    used 14259K, capacity 15411K, committed 15488K, reserved 1048576K
}
Event: 35.021 GC heap after
{Heap after GC invocations=47 (full 0):
 garbage-first heap   total 199680K, used 166773K [0x0000000080000000, 0x0000000100000000)
  region size 1024K, 2 young (2048K), 2 survivors (2048K)
 Metaspace       used 109832K, capacity 112917K, committed 113024K, reserved 1146880K
  class space    used 14259K, capacity 15411K, committed 15488K, reserved 1048576K
}
Event: 35.072 GC heap before
{Heap before GC invocations=48 (full 0):
 garbage-first heap   total 199680K, used 173941K [0x0000000080000000, 0x0000000100000000)
  region size 1024K, 9 young (9216K), 2 survivors (2048K)
 Metaspace       used 109904K, capacity 112989K, committed 113280K, reserved 1146880K
  class space    used 14260K, capacity 15411K, committed 15488K, reserved 1048576K
}
Event: 35.078 GC heap after
{Heap after GC invocations=49 (full 0):
 garbage-first heap   total 199680K, used 169984K [0x0000000080000000, 0x0000000100000000)
  region size 1024K, 2 young (2048K), 2 survivors (2048K)
 Metaspace       used 109904K, capacity 112989K, committed 113280K, reserved 1146880K
  class space    used 14260K, capacity 15411K, committed 15488K, reserved 1048576K
}
Event: 35.104 GC heap before
{Heap before GC invocations=49 (full 0):
 garbage-first heap   total 199680K, used 176128K [0x0000000080000000, 0x0000000100000000)
  region size 1024K, 9 young (9216K), 2 survivors (2048K)
 Metaspace       used 109919K, capacity 112989K, committed 113280K, reserved 1146880K
  class space    used 14260K, capacity 15411K, committed 15488K, reserved 1048576K
}
Event: 35.115 GC heap after
{Heap after GC invocations=50 (full 0):
 garbage-first heap   total 199680K, used 170804K [0x0000000080000000, 0x0000000100000000)
  region size 1024K, 2 young (2048K), 2 survivors (2048K)
 Metaspace       used 109919K, capacity 112989K, committed 113280K, reserved 1146880K
  class space    used 14260K, capacity 15411K, committed 15488K, reserved 1048576K
}
Event: 35.139 GC heap before
{Heap before GC invocations=50 (full 0):
 garbage-first heap   total 199680K, used 177972K [0x0000000080000000, 0x0000000100000000)
  region size 1024K, 9 young (9216K), 2 survivors (2048K)
 Metaspace       used 109936K, capacity 113053K, committed 113280K, reserved 1146880K
  class space    used 14260K, capacity 15411K, committed 15488K, reserved 1048576K
}
Event: 35.147 GC heap after
{Heap after GC invocations=51 (full 0):
 garbage-first heap   total 199680K, used 174758K [0x0000000080000000, 0x0000000100000000)
  region size 1024K, 2 young (2048K), 2 survivors (2048K)
 Metaspace       used 109936K, capacity 113053K, committed 113280K, reserved 1146880K
  class space    used 14260K, capacity 15411K, committed 15488K, reserved 1048576K
}
Event: 35.178 GC heap before
{Heap before GC invocations=51 (full 0):
 garbage-first heap   total 199680K, used 180902K [0x0000000080000000, 0x0000000100000000)
  region size 1024K, 9 young (9216K), 2 survivors (2048K)
 Metaspace       used 109960K, capacity 113055K, committed 113280K, reserved 1146880K
  class space    used 14260K, capacity 15411K, committed 15488K, reserved 1048576K
}
Event: 35.186 GC heap after
{Heap after GC invocations=52 (full 0):
 garbage-first heap   total 267264K, used 178563K [0x0000000080000000, 0x0000000100000000)
  region size 1024K, 2 young (2048K), 2 survivors (2048K)
 Metaspace       used 109960K, capacity 113055K, committed 113280K, reserved 1146880K
  class space    used 14260K, capacity 15411K, committed 15488K, reserved 1048576K
}
Event: 35.275 GC heap before
{Heap before GC invocations=52 (full 0):
 garbage-first heap   total 267264K, used 201091K [0x0000000080000000, 0x0000000100000000)
  region size 1024K, 24 young (24576K), 2 survivors (2048K)
 Metaspace       used 109979K, capacity 113061K, committed 113280K, reserved 1146880K
  class space    used 14260K, capacity 15412K, committed 15488K, reserved 1048576K
}
Event: 35.286 GC heap after
{Heap after GC invocations=53 (full 0):
 garbage-first heap   total 267264K, used 191089K [0x0000000080000000, 0x0000000100000000)
  region size 1024K, 3 young (3072K), 3 survivors (3072K)
 Metaspace       used 109979K, capacity 113061K, committed 113280K, reserved 1146880K
  class space    used 14260K, capacity 15412K, committed 15488K, reserved 1048576K
}
Event: 35.381 GC heap before
{Heap before GC invocations=53 (full 0):
 garbage-first heap   total 267264K, used 208497K [0x0000000080000000, 0x0000000100000000)
  region size 1024K, 21 young (21504K), 3 survivors (3072K)
 Metaspace       used 109882K, capacity 112901K, committed 113280K, reserved 1146880K
  class space    used 14225K, capacity 15347K, committed 15488K, reserved 1048576K
}
Event: 35.394 GC heap after
{Heap after GC invocations=54 (full 0):
 garbage-first heap   total 267264K, used 201372K [0x0000000080000000, 0x0000000100000000)
  region size 1024K, 3 young (3072K), 3 survivors (3072K)
 Metaspace       used 109882K, capacity 112901K, committed 113280K, reserved 1146880K
  class space    used 14225K, capacity 15347K, committed 15488K, reserved 1048576K
}
Event: 35.591 GC heap before
{Heap before GC invocations=55 (full 0):
 garbage-first heap   total 267264K, used 216732K [0x0000000080000000, 0x0000000100000000)
  region size 1024K, 18 young (18432K), 3 survivors (3072K)
 Metaspace       used 111220K, capacity 114368K, committed 114432K, reserved 1148928K
  class space    used 14421K, capacity 15574K, committed 15616K, reserved 1048576K
}
Event: 35.616 GC heap after
{Heap after GC invocations=56 (full 0):
 garbage-first heap   total 267264K, used 205295K [0x0000000080000000, 0x0000000100000000)
  region size 1024K, 3 young (3072K), 3 survivors (3072K)
 Metaspace       used 111220K, capacity 114368K, committed 114432K, reserved 1148928K
  class space    used 14421K, capacity 15574K, committed 15616K, reserved 1048576K
}
Event: 35.793 GC heap before
{Heap before GC invocations=56 (full 0):
 garbage-first heap   total 267264K, used 218607K [0x0000000080000000, 0x0000000100000000)
  region size 1024K, 17 young (17408K), 3 survivors (3072K)
 Metaspace       used 111738K, capacity 114994K, committed 115072K, reserved 1148928K
  class space    used 14512K, capacity 15718K, committed 15744K, reserved 1048576K
}

Deoptimization events (20 events):
Event: 35.724 Thread 0x000001abbaa38000 DEOPT PACKING pc=0x000001aba2bcce6c sp=0x00000048c0dfcce0
Event: 35.724 Thread 0x000001abbaa38000 DEOPT UNPACKING pc=0x000001ab9a8978af sp=0x00000048c0dfcc90 mode 2
Event: 35.738 Thread 0x000001abbaa38000 Uncommon trap: trap_request=0xffffff4d fr.pc=0x000001aba2b95308 relative=0x0000000000000068
Event: 35.738 Thread 0x000001abbaa38000 Uncommon trap: reason=unstable_if action=reinterpret pc=0x000001aba2b95308 method=com.android.tools.r8.internal.DA.a(Ljava/lang/Object;[Lcom/android/tools/r8/internal/zf;I)Ljava/lang/Object; @ 5 c2
Event: 35.738 Thread 0x000001abbaa38000 DEOPT PACKING pc=0x000001aba2b95308 sp=0x00000048c0dfd770
Event: 35.738 Thread 0x000001abbaa38000 DEOPT UNPACKING pc=0x000001ab9a8978af sp=0x00000048c0dfd6a0 mode 2
Event: 35.739 Thread 0x000001abbaa38000 Uncommon trap: trap_request=0xffffff4d fr.pc=0x000001aba2b955e0 relative=0x0000000000000040
Event: 35.739 Thread 0x000001abbaa38000 Uncommon trap: reason=unstable_if action=reinterpret pc=0x000001aba2b955e0 method=com.android.tools.r8.internal.DA.a(Ljava/lang/Object;[Lcom/android/tools/r8/internal/zf;I)Ljava/lang/Object; @ 5 c2
Event: 35.739 Thread 0x000001abbaa38000 DEOPT PACKING pc=0x000001aba2b955e0 sp=0x00000048c0dfd6f0
Event: 35.739 Thread 0x000001abbaa38000 DEOPT UNPACKING pc=0x000001ab9a8978af sp=0x00000048c0dfd6a0 mode 2
Event: 35.751 Thread 0x000001abbaa38000 DEOPT PACKING pc=0x000001ab9cc4b0fe sp=0x00000048c0dfd2f0
Event: 35.751 Thread 0x000001abbaa38000 DEOPT UNPACKING pc=0x000001ab9a8976ce sp=0x00000048c0dfc870 mode 0
Event: 35.763 Thread 0x000001abbaa38000 DEOPT PACKING pc=0x000001ab9cc4b0fe sp=0x00000048c0dfd2f0
Event: 35.763 Thread 0x000001abbaa38000 DEOPT UNPACKING pc=0x000001ab9a8976ce sp=0x00000048c0dfc870 mode 0
Event: 35.771 Thread 0x000001abbaa38000 DEOPT PACKING pc=0x000001ab9cc4b0fe sp=0x00000048c0dfd270
Event: 35.772 Thread 0x000001abbaa38000 DEOPT UNPACKING pc=0x000001ab9a8976ce sp=0x00000048c0dfc7f0 mode 0
Event: 35.782 Thread 0x000001abbaa38000 DEOPT PACKING pc=0x000001ab9cc4b0fe sp=0x00000048c0dfd270
Event: 35.782 Thread 0x000001abbaa38000 DEOPT UNPACKING pc=0x000001ab9a8976ce sp=0x00000048c0dfc7f0 mode 0
Event: 35.789 Thread 0x000001abbaa38000 DEOPT PACKING pc=0x000001ab9cc4b0fe sp=0x00000048c0dfd270
Event: 35.789 Thread 0x000001abbaa38000 DEOPT UNPACKING pc=0x000001ab9a8976ce sp=0x00000048c0dfc7f0 mode 0

Classes redefined (0 events):
No events

Internal exceptions (20 events):
Event: 33.978 Thread 0x000001abbaa30800 Exception <a 'java/lang/NoSuchMethodError'{0x000000008965d800}: 'java.lang.Object java.lang.invoke.DirectMethodHandle$Holder.invokeStaticInit(java.lang.Object, java.lang.Object, long, java.lang.Object)'> (0x000000008965d800) thrown at [./src/hotspot/share/interpreter/linkResolver.cpp, line 773]
Event: 33.978 Thread 0x000001abbaa30800 Exception <a 'java/lang/NoSuchMethodError'{0x0000000089663998}: 'java.lang.Object java.lang.invoke.DirectMethodHandle$Holder.invokeStatic(java.lang.Object, java.lang.Object, long)'> (0x0000000089663998) thrown at [./src/hotspot/share/interpreter/linkResolver.cpp, line 773]
Event: 33.979 Thread 0x000001abbaa30800 Exception <a 'java/lang/NoSuchMethodError'{0x00000000896f90c0}: 'java.lang.Object java.lang.invoke.Invokers$Holder.linkToTargetMethod(java.lang.Object, long, java.lang.Object)'> (0x00000000896f90c0) thrown at [./src/hotspot/share/interpreter/linkResolver.cpp, line 773]
Event: 34.457 Thread 0x000001abbaa38000 Exception <a 'sun/nio/fs/WindowsException'{0x000000008a971fe8}> (0x000000008a971fe8) thrown at [./src/hotspot/share/prims/jni.cpp, line 615]
Event: 34.849 Thread 0x000001abbaa3f800 Exception <a 'java/lang/IncompatibleClassChangeError'{0x000000008b3930a8}: Found class java.lang.Object, but interface was expected> (0x000000008b3930a8) thrown at [./src/hotspot/share/interpreter/linkResolver.cpp, line 839]
Event: 34.867 Thread 0x000001abbaa39000 Exception <a 'java/lang/NoSuchMethodError'{0x000000008b2f23b8}: 'java.lang.Object java.lang.invoke.DirectMethodHandle$Holder.newInvokeSpecial(java.lang.Object, int)'> (0x000000008b2f23b8) thrown at [./src/hotspot/share/interpreter/linkResolver.cpp, line 773]
Event: 34.951 Thread 0x000001abbaa3e800 Exception <a 'java/lang/IncompatibleClassChangeError'{0x000000008b9387d0}: Found class java.lang.Object, but interface was expected> (0x000000008b9387d0) thrown at [./src/hotspot/share/interpreter/linkResolver.cpp, line 839]
Event: 34.951 Thread 0x000001abbaa33000 Exception <a 'java/lang/IncompatibleClassChangeError'{0x000000008b93c588}: Found class java.lang.Object, but interface was expected> (0x000000008b93c588) thrown at [./src/hotspot/share/interpreter/linkResolver.cpp, line 839]
Event: 34.951 Thread 0x000001abbaa3d000 Exception <a 'java/lang/IncompatibleClassChangeError'{0x000000008b9271e8}: Found class java.lang.Object, but interface was expected> (0x000000008b9271e8) thrown at [./src/hotspot/share/interpreter/linkResolver.cpp, line 839]
Event: 34.951 Thread 0x000001abbaa39800 Exception <a 'java/lang/IncompatibleClassChangeError'{0x000000008b93d460}: Found class java.lang.Object, but interface was expected> (0x000000008b93d460) thrown at [./src/hotspot/share/interpreter/linkResolver.cpp, line 839]
Event: 34.951 Thread 0x000001abbaa3e800 Exception <a 'java/lang/IncompatibleClassChangeError'{0x000000008b94c3c0}: Found class java.lang.Object, but interface was expected> (0x000000008b94c3c0) thrown at [./src/hotspot/share/interpreter/linkResolver.cpp, line 839]
Event: 34.951 Thread 0x000001abbaa3f800 Exception <a 'java/lang/IncompatibleClassChangeError'{0x000000008b9317b0}: Found class java.lang.Object, but interface was expected> (0x000000008b9317b0) thrown at [./src/hotspot/share/interpreter/linkResolver.cpp, line 839]
Event: 34.951 Thread 0x000001abbaa39800 Exception <a 'java/lang/IncompatibleClassChangeError'{0x000000008b93dc40}: Found class java.lang.Object, but interface was expected> (0x000000008b93dc40) thrown at [./src/hotspot/share/interpreter/linkResolver.cpp, line 839]
Event: 35.442 Thread 0x000001abbaa38000 Exception <a 'java/lang/NoSuchMethodError'{0x00000000901297f0}: 'void java.lang.invoke.DirectMethodHandle$Holder.invokeStatic(java.lang.Object, java.lang.Object, java.lang.Object, int)'> (0x00000000901297f0) thrown at [./src/hotspot/share/interpreter/linkResolver.cpp, line 773]
Event: 35.444 Thread 0x000001abbaa38000 Exception <a 'java/lang/IncompatibleClassChangeError'{0x00000000901314b8}: Found class java.lang.Object, but interface was expected> (0x00000000901314b8) thrown at [./src/hotspot/share/interpreter/linkResolver.cpp, line 839]
Event: 35.692 Thread 0x000001abbaa38000 Exception <a 'java/lang/NoSuchMethodError'{0x000000008fdb4ff8}: 'java.lang.Object java.lang.invoke.Invokers$Holder.linkToTargetMethod(java.lang.Object, int, java.lang.Object, java.lang.Object, java.lang.Object, java.lang.Object)'> (0x000000008fdb4ff8) thrown at [./src/hotspot/share/interpreter/linkResolver.cpp, line 773]
Event: 35.692 Thread 0x000001abbaa38000 Exception <a 'java/lang/NoSuchMethodError'{0x000000008fdb8cb0}: 'void java.lang.invoke.DirectMethodHandle$Holder.invokeSpecial(java.lang.Object, java.lang.Object, java.lang.Object, java.lang.Object, java.lang.Object, java.lang.Object, java.lang.Object, java.lang.Object, java.lang.Object)'> (0x000000008fdb8cb0) thrown at [./src/hotspot/share/interpreter/linkResolver.cpp, line 773]
Event: 35.698 Thread 0x000001abbaa38000 Exception <a 'java/lang/IncompatibleClassChangeError'{0x000000008fde40d0}: Found class java.lang.Object, but interface was expected> (0x000000008fde40d0) thrown at [./src/hotspot/share/interpreter/linkResolver.cpp, line 839]
Event: 35.736 Thread 0x000001abbaa38000 Exception <a 'java/lang/NoSuchMethodError'{0x000000008fcf7998}: 'int java.lang.invoke.DirectMethodHandle$Holder.invokeSpecial(java.lang.Object, java.lang.Object, java.lang.Object, java.lang.Object, java.lang.Object, java.lang.Object)'> (0x000000008fcf7998) thrown at [./src/hotspot/share/interpreter/linkResolver.cpp, line 773]
Event: 35.741 Thread 0x000001abbaa38000 Exception <a 'java/lang/NoSuchMethodError'{0x000000008fb22b30}: 'void java.lang.invoke.DirectMethodHandle$Holder.invokeStatic(java.lang.Object, java.lang.Object, java.lang.Object, java.lang.Object, java.lang.Object, java.lang.Object, java.lang.Object, java.lang.Object)'> (0x000000008fb22b30) thrown at [./src/hotspot/share/interpreter/linkResolver.cpp, line 773]

Events (20 events):
Event: 35.743 loading class com/android/tools/r8/graph/e done
Event: 35.743 loading class com/android/tools/r8/graph/e
Event: 35.743 loading class com/android/tools/r8/graph/e done
Event: 35.747 loading class com/android/tools/r8/graph/Z
Event: 35.747 loading class com/android/tools/r8/graph/Z done
Event: 35.747 loading class com/android/tools/r8/graph/d0
Event: 35.747 loading class com/android/tools/r8/graph/d0 done
Event: 35.747 loading class com/android/tools/r8/graph/Z0
Event: 35.747 loading class com/android/tools/r8/graph/Z0 done
Event: 35.749 loading class com/android/tools/r8/internal/qr
Event: 35.749 loading class com/android/tools/r8/internal/qr done
Event: 35.750 loading class com/android/tools/r8/internal/qr
Event: 35.750 loading class com/android/tools/r8/internal/qr done
Event: 35.750 loading class com/android/tools/r8/graph/P
Event: 35.750 loading class com/android/tools/r8/graph/P done
Event: 35.750 loading class com/android/tools/r8/internal/qr
Event: 35.750 loading class com/android/tools/r8/internal/qr done
Event: 35.750 loading class com/android/tools/r8/internal/qr
Event: 35.750 loading class com/android/tools/r8/internal/qr done
Event: 35.793 Executing VM operation: G1CollectForAllocation


Dynamic libraries:
0x00007ff628180000 - 0x00007ff62818a000 	C:\Program Files\Android\Android Studio\jre\bin\java.exe
0x00007fff59550000 - 0x00007fff59745000 	C:\WINDOWS\SYSTEM32\ntdll.dll
0x00007fff57ae0000 - 0x00007fff57b9e000 	C:\WINDOWS\System32\KERNEL32.DLL
0x00007fff56da0000 - 0x00007fff57068000 	C:\WINDOWS\System32\KERNELBASE.dll
0x00007fff57120000 - 0x00007fff57220000 	C:\WINDOWS\System32\ucrtbase.dll
0x00007fff08560000 - 0x00007fff08577000 	C:\Program Files\Android\Android Studio\jre\bin\VCRUNTIME140.dll
0x00007fff08540000 - 0x00007fff08559000 	C:\Program Files\Android\Android Studio\jre\bin\jli.dll
0x00007fff59320000 - 0x00007fff594c1000 	C:\WINDOWS\System32\USER32.dll
0x00007fff572c0000 - 0x00007fff572e2000 	C:\WINDOWS\System32\win32u.dll
0x00007fff588b0000 - 0x00007fff588db000 	C:\WINDOWS\System32\GDI32.dll
0x00007fff57480000 - 0x00007fff5758d000 	C:\WINDOWS\System32\gdi32full.dll
0x00007fff446f0000 - 0x00007fff4498a000 	C:\WINDOWS\WinSxS\amd64_microsoft.windows.common-controls_6595b64144ccf1df_6.0.19041.1110_none_60b5254171f9507e\COMCTL32.dll
0x00007fff57220000 - 0x00007fff572bd000 	C:\WINDOWS\System32\msvcp_win.dll
0x00007fff58fa0000 - 0x00007fff5903e000 	C:\WINDOWS\System32\msvcrt.dll
0x00007fff594d0000 - 0x00007fff59500000 	C:\WINDOWS\System32\IMM32.DLL
0x00007ffef1240000 - 0x00007ffef12dd000 	C:\Program Files\Android\Android Studio\jre\bin\msvcp140.dll
0x00007ffee6a50000 - 0x00007ffee751f000 	C:\Program Files\Android\Android Studio\jre\bin\server\jvm.dll
0x00007fff58c10000 - 0x00007fff58cbc000 	C:\WINDOWS\System32\ADVAPI32.dll
0x00007fff58cc0000 - 0x00007fff58d5b000 	C:\WINDOWS\System32\sechost.dll
0x00007fff57590000 - 0x00007fff576ba000 	C:\WINDOWS\System32\RPCRT4.dll
0x00007fff57a20000 - 0x00007fff57a28000 	C:\WINDOWS\System32\PSAPI.DLL
0x00007fff38c60000 - 0x00007fff38c87000 	C:\WINDOWS\SYSTEM32\WINMM.dll
0x00007fff4f420000 - 0x00007fff4f429000 	C:\WINDOWS\SYSTEM32\WSOCK32.dll
0x00007fff590a0000 - 0x00007fff5910b000 	C:\WINDOWS\System32\WS2_32.dll
0x00007fff4a730000 - 0x00007fff4a73a000 	C:\WINDOWS\SYSTEM32\VERSION.dll
0x00007fff554e0000 - 0x00007fff554f2000 	C:\WINDOWS\SYSTEM32\kernel.appcore.dll
0x00007fff1fd90000 - 0x00007fff1fda1000 	C:\Program Files\Android\Android Studio\jre\bin\verify.dll
0x00007fff549d0000 - 0x00007fff54bb4000 	C:\WINDOWS\SYSTEM32\DBGHELP.DLL
0x00007fff415b0000 - 0x00007fff415dc000 	C:\WINDOWS\SYSTEM32\dbgcore.DLL
0x00007fff56d10000 - 0x00007fff56d92000 	C:\WINDOWS\System32\bcryptPrimitives.dll
0x00007fff1eee0000 - 0x00007fff1ef09000 	C:\Program Files\Android\Android Studio\jre\bin\java.dll
0x00007fff4f310000 - 0x00007fff4f31b000 	C:\Program Files\Android\Android Studio\jre\bin\jimage.dll
0x00007fff1fd70000 - 0x00007fff1fd88000 	C:\Program Files\Android\Android Studio\jre\bin\zip.dll
0x00007fff58080000 - 0x00007fff587c4000 	C:\WINDOWS\System32\SHELL32.dll
0x00007fff54d30000 - 0x00007fff554c4000 	C:\WINDOWS\SYSTEM32\windows.storage.dll
0x00007fff576c0000 - 0x00007fff57a15000 	C:\WINDOWS\System32\combase.dll
0x00007fff566b0000 - 0x00007fff566de000 	C:\WINDOWS\SYSTEM32\Wldp.dll
0x00007fff58960000 - 0x00007fff58a0d000 	C:\WINDOWS\System32\SHCORE.dll
0x00007fff58020000 - 0x00007fff58075000 	C:\WINDOWS\System32\shlwapi.dll
0x00007fff56ba0000 - 0x00007fff56bbf000 	C:\WINDOWS\SYSTEM32\profapi.dll
0x00007fff1b450000 - 0x00007fff1b46a000 	C:\Program Files\Android\Android Studio\jre\bin\net.dll
0x00007fff4e430000 - 0x00007fff4e53c000 	C:\WINDOWS\SYSTEM32\WINHTTP.dll
0x00007fff56410000 - 0x00007fff5647a000 	C:\WINDOWS\system32\mswsock.dll
0x00007fff1b430000 - 0x00007fff1b444000 	C:\Program Files\Android\Android Studio\jre\bin\nio.dll
0x00007fff19550000 - 0x00007fff19577000 	C:\Users\82108\.gradle\native\8bec1ad78214c89d9ad589b4d07fe93259594b29d510b10fafb7a158f7737e5d\windows-amd64\native-platform.dll
0x00007ffee8df0000 - 0x00007ffee8f2d000 	C:\Users\82108\.gradle\native\53dbd7edfb1c66fb8903c78663c9afc45aea4f116125fa6feffd364cf09443e8\windows-amd64\native-platform-file-events.dll
0x00007fff450d0000 - 0x00007fff450da000 	C:\Program Files\Android\Android Studio\jre\bin\management.dll
0x00007fff41e00000 - 0x00007fff41e0c000 	C:\Program Files\Android\Android Studio\jre\bin\management_ext.dll
0x00007fff56600000 - 0x00007fff56618000 	C:\WINDOWS\SYSTEM32\CRYPTSP.dll
0x00007fff55d20000 - 0x00007fff55d54000 	C:\WINDOWS\system32\rsaenh.dll
0x00007fff572f0000 - 0x00007fff57317000 	C:\WINDOWS\System32\bcrypt.dll
0x00007fff56b60000 - 0x00007fff56b8e000 	C:\WINDOWS\SYSTEM32\USERENV.dll
0x00007fff56620000 - 0x00007fff5662c000 	C:\WINDOWS\SYSTEM32\CRYPTBASE.dll
0x00007fff560b0000 - 0x00007fff560eb000 	C:\WINDOWS\SYSTEM32\IPHLPAPI.DLL
0x00007fff59500000 - 0x00007fff59508000 	C:\WINDOWS\System32\NSI.dll
0x00007fff49730000 - 0x00007fff49747000 	C:\WINDOWS\SYSTEM32\dhcpcsvc6.DLL
0x00007fff4a830000 - 0x00007fff4a84d000 	C:\WINDOWS\SYSTEM32\dhcpcsvc.DLL
0x00007fff560f0000 - 0x00007fff561bb000 	C:\WINDOWS\SYSTEM32\DNSAPI.dll

dbghelp: loaded successfully - version: 4.0.5 - missing functions: none
symbol engine: initialized successfully - sym options: 0x614 - pdb path: .;C:\Program Files\Android\Android Studio\jre\bin;C:\WINDOWS\SYSTEM32;C:\WINDOWS\WinSxS\amd64_microsoft.windows.common-controls_6595b64144ccf1df_6.0.19041.1110_none_60b5254171f9507e;C:\Program Files\Android\Android Studio\jre\bin\server;C:\Users\82108\.gradle\native\8bec1ad78214c89d9ad589b4d07fe93259594b29d510b10fafb7a158f7737e5d\windows-amd64;C:\Users\82108\.gradle\native\53dbd7edfb1c66fb8903c78663c9afc45aea4f116125fa6feffd364cf09443e8\windows-amd64

VM Arguments:
jvm_args: --add-opens=java.base/java.util=ALL-UNNAMED --add-opens=java.base/java.lang=ALL-UNNAMED --add-opens=java.base/java.lang.invoke=ALL-UNNAMED --add-opens=java.base/java.util=ALL-UNNAMED --add-opens=java.prefs/java.util.prefs=ALL-UNNAMED --add-opens=java.prefs/java.util.prefs=ALL-UNNAMED --add-opens=java.base/java.nio.charset=ALL-UNNAMED --add-opens=java.base/java.net=ALL-UNNAMED --add-opens=java.base/java.util.concurrent.atomic=ALL-UNNAMED -Xmx2048m -Dfile.encoding=UTF-8 -Duser.country=KR -Duser.language=ko -Duser.variant 
java_command: org.gradle.launcher.daemon.bootstrap.GradleDaemon 7.0.2
java_class_path (initial): C:\Users\82108\.gradle\wrapper\dists\gradle-7.0.2-bin\857tjihv64xamwrf0h14cai3r\gradle-7.0.2\lib\gradle-launcher-7.0.2.jar
Launcher Type: SUN_STANDARD

[Global flags]
     intx CICompilerCount                          = 4                                         {product} {ergonomic}
     uint ConcGCThreads                            = 2                                         {product} {ergonomic}
     uint G1ConcRefinementThreads                  = 8                                         {product} {ergonomic}
   size_t G1HeapRegionSize                         = 1048576                                   {product} {ergonomic}
    uintx GCDrainStackTargetSize                   = 64                                        {product} {ergonomic}
   size_t InitialHeapSize                          = 132120576                                 {product} {ergonomic}
   size_t MarkStackSize                            = 4194304                                   {product} {ergonomic}
   size_t MaxHeapSize                              = 2147483648                                {product} {command line}
   size_t MaxNewSize                               = 1287651328                                {product} {ergonomic}
   size_t MinHeapDeltaBytes                        = 1048576                                   {product} {ergonomic}
    uintx NonNMethodCodeHeapSize                   = 5836300                                {pd product} {ergonomic}
    uintx NonProfiledCodeHeapSize                  = 122910970                              {pd product} {ergonomic}
    uintx ProfiledCodeHeapSize                     = 122910970                              {pd product} {ergonomic}
    uintx ReservedCodeCacheSize                    = 251658240                              {pd product} {ergonomic}
     bool SegmentedCodeCache                       = true                                      {product} {ergonomic}
     bool UseCompressedClassPointers               = true                                 {lp64_product} {ergonomic}
     bool UseCompressedOops                        = true                                 {lp64_product} {ergonomic}
     bool UseG1GC                                  = true                                      {product} {ergonomic}
     bool UseLargePagesIndividualAllocation        = false                                  {pd product} {ergonomic}

Logging:
Log output configuration:
 #0: stdout all=warning uptime,level,tags
 #1: stderr all=off uptime,level,tags

Environment Variables:
JAVA_HOME=C:\Program Files\Java\jdk1.8.0_291
PATH=C:\anaconda;C:\anaconda\Library\mingw-w64\bin;C:\anaconda\Library\usr\bin;C:\anaconda\Library\bin;C:\anaconda\Scripts;C:\Program Files\Java\jdk1.8.0_291\bin;C:\oraclexe\app\oracle\product\11.2.0\server\bin;C:\Program Files (x86)\Common Files\Oracle\Java\javapath;C:\WINDOWS\system32;C:\WINDOWS;C:\WINDOWS\System32\Wbem;C:\WINDOWS\System32\WindowsPowerShell\v1.0\;C:\WINDOWS\System32\OpenSSH\;C:\Program Files\Git\cmd;C:\Program Files (x86)\Brackets\command;C:\Program Files\nodejs\;C:\jiyeon_python\program\mongodb\bin;C:\Apache24\bin;C:\php7.4;C:\Users\82108\AppData\Local\Microsoft\WindowsApps;C:\Users\82108\AppData\Local\Programs\Microsoft VS Code\bin;C:\Program Files\JetBrains\IntelliJ IDEA Community Edition 2020.2.1\bin;;C:\Users\82108\AppData\Roaming\npm;C:\Program Files\heroku\bin
USERNAME=82108
OS=Windows_NT
PROCESSOR_IDENTIFIER=Intel64 Family 6 Model 142 Stepping 12, GenuineIntel



---------------  S Y S T E M  ---------------

OS: Windows 10 , 64 bit Build 19041 (10.0.19041.1348)
OS uptime: 0 days 8:30 hours

CPU:total 8 (initial active 8) (4 cores per cpu, 2 threads per core) family 6 model 142 stepping 12 microcode 0xc6, cmov, cx8, fxsr, mmx, sse, sse2, sse3, ssse3, sse4.1, sse4.2, popcnt, avx, avx2, aes, clmul, erms, 3dnowpref, lzcnt, ht, tsc, tscinvbit, bmi1, bmi2, adx, fma

Memory: 4k page, system-wide physical 7973M (1097M free)
TotalPageFile size 9865M (AvailPageFile size 200M)
current process WorkingSet (physical memory assigned to process): 541M, peak: 543M
current process commit charge ("private bytes"): 613M, peak: 890M

vm_info: OpenJDK 64-Bit Server VM (11.0.10+0-b96-7249189) for windows-amd64 JRE (11.0.10+0-b96-7249189), built on Mar 31 2021 21:44:00 by "builder" with MS VC++ 14.0 (VS2015)

END.
