#
# There is insufficient memory for the Java Runtime Environment to continue.
# Native memory allocation (malloc) failed to allocate 32744 bytes for ChunkPool::allocate
# Possible reasons:
#   The system is out of physical RAM or swap space
#   The process is running with CompressedOops enabled, and the Java Heap may be blocking the growth of the native heap
# Possible solutions:
#   Reduce memory load on the system
#   Increase physical memory or swap space
#   Check if swap backing store is full
#   Decrease Java heap size (-Xmx/-Xms)
#   Decrease number of Java threads
#   Decrease Java thread stack sizes (-Xss)
#   Set larger code cache with -XX:ReservedCodeCacheSize=
#   JVM is running with Unscaled Compressed Oops mode in which the Java heap is
#     placed in the first 4GB address space. The Java Heap base address is the
#     maximum limit for the native heap growth. Please use -XX:HeapBaseMinAddress
#     to set the Java Heap base and to place the Java Heap above 4GB virtual address.
# This output file may be truncated or incomplete.
#
#  Out of Memory Error (./src/hotspot/share/memory/arena.cpp:81), pid=18236, tid=10544
#
# JRE version: OpenJDK Runtime Environment (11.0.10) (build 11.0.10+0-b96-7249189)
# Java VM: OpenJDK 64-Bit Server VM (11.0.10+0-b96-7249189, mixed mode, tiered, compressed oops, g1 gc, windows-amd64)
# No core dump will be written. Minidumps are not enabled by default on client versions of Windows
#

---------------  S U M M A R Y ------------

Command Line: org.jetbrains.kotlin.cli.jvm.K2JVMCompiler @C:\Users\82108\AndroidStudioProjects\fish\app\build\20211227_17172938056850289088.compiler.options

Host: Intel(R) Core(TM) i5-10210U CPU @ 1.60GHz, 8 cores, 7G,  Windows 10 , 64 bit Build 19041 (10.0.19041.1348)
Time: Mon Dec 27 14:03:12 2021 대한민국 표준시 elapsed time: 1.616009 seconds (0d 0h 0m 1s)

---------------  T H R E A D  ---------------

Current thread (0x0000024c5dd45800):  JavaThread "C2 CompilerThread1" daemon [_thread_in_native, id=10544, stack(0x0000008e24c00000,0x0000008e24d00000)]


Current CompileTask:
C2:   1616 1963   !   4       jdk.internal.loader.BuiltinClassLoader::loadClassOrNull (143 bytes)

Stack: [0x0000008e24c00000,0x0000008e24d00000]
Native frames: (J=compiled Java code, j=interpreted, Vv=VM code, C=native code)
V  [jvm.dll+0x5ecfaa]
V  [jvm.dll+0x722bd5]
V  [jvm.dll+0x72412d]
V  [jvm.dll+0x7247e3]
V  [jvm.dll+0x242928]
V  [jvm.dll+0xbc75b]
V  [jvm.dll+0xbca0c]
V  [jvm.dll+0x358676]
V  [jvm.dll+0x357ef1]
V  [jvm.dll+0x357f34]
V  [jvm.dll+0x4e9d44]
V  [jvm.dll+0x4ea769]
V  [jvm.dll+0x320b02]
V  [jvm.dll+0x31ffca]
V  [jvm.dll+0x1fb602]
V  [jvm.dll+0x1fa7f4]
V  [jvm.dll+0x18354c]
V  [jvm.dll+0x208ee7]
V  [jvm.dll+0x207731]
V  [jvm.dll+0x6eb1cf]
V  [jvm.dll+0x6e3d45]
V  [jvm.dll+0x5ebe96]
C  [ucrtbase.dll+0x21bb2]
C  [KERNEL32.DLL+0x17034]
C  [ntdll.dll+0x52651]


---------------  P R O C E S S  ---------------

Threads class SMR info:
_java_thread_list=0x0000024c5f8c7da0, length=11, elements={
0x0000024c4289a000, 0x0000024c5db83800, 0x0000024c5db8c800, 0x0000024c5d34f800,
0x0000024c5dbdb000, 0x0000024c5dbde800, 0x0000024c5dbe3000, 0x0000024c5dbe4000,
0x0000024c5dbe8800, 0x0000024c5dd4d000, 0x0000024c5dd45800
}

Java Threads: ( => current thread )
  0x0000024c4289a000 JavaThread "main" [_thread_in_Java, id=16864, stack(0x0000008e23b00000,0x0000008e23c00000)]
  0x0000024c5db83800 JavaThread "Reference Handler" daemon [_thread_blocked, id=19264, stack(0x0000008e24200000,0x0000008e24300000)]
  0x0000024c5db8c800 JavaThread "Finalizer" daemon [_thread_blocked, id=13144, stack(0x0000008e24300000,0x0000008e24400000)]
  0x0000024c5d34f800 JavaThread "Signal Dispatcher" daemon [_thread_blocked, id=13092, stack(0x0000008e24400000,0x0000008e24500000)]
  0x0000024c5dbdb000 JavaThread "Attach Listener" daemon [_thread_blocked, id=14532, stack(0x0000008e24500000,0x0000008e24600000)]
  0x0000024c5dbde800 JavaThread "Service Thread" daemon [_thread_blocked, id=15948, stack(0x0000008e24600000,0x0000008e24700000)]
  0x0000024c5dbe3000 JavaThread "C2 CompilerThread0" daemon [_thread_blocked, id=19972, stack(0x0000008e24700000,0x0000008e24800000)]
  0x0000024c5dbe4000 JavaThread "C1 CompilerThread0" daemon [_thread_in_native, id=11992, stack(0x0000008e24800000,0x0000008e24900000)]
  0x0000024c5dbe8800 JavaThread "Sweeper thread" daemon [_thread_blocked, id=20392, stack(0x0000008e24900000,0x0000008e24a00000)]
  0x0000024c5dd4d000 JavaThread "Common-Cleaner" daemon [_thread_blocked, id=20320, stack(0x0000008e24b00000,0x0000008e24c00000)]
=>0x0000024c5dd45800 JavaThread "C2 CompilerThread1" daemon [_thread_in_native, id=10544, stack(0x0000008e24c00000,0x0000008e24d00000)]

Other Threads:
  0x0000024c5d339800 VMThread "VM Thread" [stack: 0x0000008e24100000,0x0000008e24200000] [id=3356]
  0x0000024c5dd38000 WatcherThread [stack: 0x0000008e24a00000,0x0000008e24b00000] [id=10500]
  0x0000024c428b2000 GCTaskThread "GC Thread#0" [stack: 0x0000008e23c00000,0x0000008e23d00000] [id=20096]
  0x0000024c5e40d800 GCTaskThread "GC Thread#1" [stack: 0x0000008e24e00000,0x0000008e24f00000] [id=11180]
  0x0000024c5e405000 GCTaskThread "GC Thread#2" [stack: 0x0000008e24f00000,0x0000008e25000000] [id=9324]
  0x0000024c428e1800 ConcurrentGCThread "G1 Main Marker" [stack: 0x0000008e23d00000,0x0000008e23e00000] [id=20136]
  0x0000024c428e3000 ConcurrentGCThread "G1 Conc#0" [stack: 0x0000008e23e00000,0x0000008e23f00000] [id=12616]
  0x0000024c5f0dd000 ConcurrentGCThread "G1 Conc#1" [stack: 0x0000008e25000000,0x0000008e25100000] [id=18256]
  0x0000024c5d199800 ConcurrentGCThread "G1 Refine#0" [stack: 0x0000008e23f00000,0x0000008e24000000] [id=9892]
  0x0000024c5d19a800 ConcurrentGCThread "G1 Young RemSet Sampling" [stack: 0x0000008e24000000,0x0000008e24100000] [id=14640]

Threads with active compile tasks:
C2 CompilerThread1   1628 1963   !   4       jdk.internal.loader.BuiltinClassLoader::loadClassOrNull (143 bytes)

VM state:not at safepoint (normal execution)

VM Mutex/Monitor currently owned by a thread: None

Heap address: 0x0000000083600000, size: 1994 MB, Compressed Oops mode: 32-bit
Narrow klass base: 0x0000000000000000, Narrow klass shift: 3
Compressed class space size: 1073741824 Address: 0x0000000100000000

Heap:
 garbage-first heap   total 129024K, used 45375K [0x0000000083600000, 0x0000000100000000)
  region size 1024K, 37 young (37888K), 7 survivors (7168K)
 Metaspace       used 29254K, capacity 29600K, committed 29824K, reserved 1075200K
  class space    used 3466K, capacity 3598K, committed 3712K, reserved 1048576K
Heap Regions: E=young(eden), S=young(survivor), O=old, HS=humongous(starts), HC=humongous(continues), CS=collection set, F=free, A=archive, TAMS=top-at-mark-start (previous, next)
|   0|0x0000000083600000, 0x0000000083700000, 0x0000000083700000|100%|HS|  |TAMS 0x0000000083700000, 0x0000000083600000| Complete 
|   1|0x0000000083700000, 0x0000000083800000, 0x0000000083800000|100%|HC|  |TAMS 0x0000000083800000, 0x0000000083700000| Complete 
|   2|0x0000000083800000, 0x0000000083900000, 0x0000000083900000|100%|HC|  |TAMS 0x0000000083900000, 0x0000000083800000| Complete 
|   3|0x0000000083900000, 0x0000000083a00000, 0x0000000083a00000|100%|HS|  |TAMS 0x0000000083900000, 0x0000000083900000| Complete 
|   4|0x0000000083a00000, 0x0000000083b00000, 0x0000000083b00000|100%|HC|  |TAMS 0x0000000083a00000, 0x0000000083a00000| Complete 
|   5|0x0000000083b00000, 0x0000000083c00000, 0x0000000083c00000|100%|HC|  |TAMS 0x0000000083b00000, 0x0000000083b00000| Complete 
|   6|0x0000000083c00000, 0x0000000083d00000, 0x0000000083d00000|100%|HS|  |TAMS 0x0000000083c00000, 0x0000000083c00000| Complete 
|   7|0x0000000083d00000, 0x0000000083e00000, 0x0000000083e00000|100%|HC|  |TAMS 0x0000000083d00000, 0x0000000083d00000| Complete 
|   8|0x0000000083e00000, 0x0000000083f00000, 0x0000000083f00000|100%|HC|  |TAMS 0x0000000083e00000, 0x0000000083e00000| Complete 
|   9|0x0000000083f00000, 0x0000000083f00000, 0x0000000084000000|  0%| F|  |TAMS 0x0000000083f00000, 0x0000000083f00000| Untracked 
|  10|0x0000000084000000, 0x0000000084000000, 0x0000000084100000|  0%| F|  |TAMS 0x0000000084000000, 0x0000000084000000| Untracked 
|  11|0x0000000084100000, 0x0000000084100000, 0x0000000084200000|  0%| F|  |TAMS 0x0000000084100000, 0x0000000084100000| Untracked 
|  12|0x0000000084200000, 0x0000000084200000, 0x0000000084300000|  0%| F|  |TAMS 0x0000000084200000, 0x0000000084200000| Untracked 
|  13|0x0000000084300000, 0x0000000084300000, 0x0000000084400000|  0%| F|  |TAMS 0x0000000084300000, 0x0000000084300000| Untracked 
|  14|0x0000000084400000, 0x0000000084400000, 0x0000000084500000|  0%| F|  |TAMS 0x0000000084400000, 0x0000000084400000| Untracked 
|  15|0x0000000084500000, 0x0000000084500000, 0x0000000084600000|  0%| F|  |TAMS 0x0000000084500000, 0x0000000084500000| Untracked 
|  16|0x0000000084600000, 0x0000000084600000, 0x0000000084700000|  0%| F|  |TAMS 0x0000000084600000, 0x0000000084600000| Untracked 
|  17|0x0000000084700000, 0x0000000084700000, 0x0000000084800000|  0%| F|  |TAMS 0x0000000084700000, 0x0000000084700000| Untracked 
|  18|0x0000000084800000, 0x0000000084800000, 0x0000000084900000|  0%| F|  |TAMS 0x0000000084800000, 0x0000000084800000| Untracked 
|  19|0x0000000084900000, 0x0000000084900000, 0x0000000084a00000|  0%| F|  |TAMS 0x0000000084900000, 0x0000000084900000| Untracked 
|  20|0x0000000084a00000, 0x0000000084a00000, 0x0000000084b00000|  0%| F|  |TAMS 0x0000000084a00000, 0x0000000084a00000| Untracked 
|  21|0x0000000084b00000, 0x0000000084b00000, 0x0000000084c00000|  0%| F|  |TAMS 0x0000000084b00000, 0x0000000084b00000| Untracked 
|  22|0x0000000084c00000, 0x0000000084c00000, 0x0000000084d00000|  0%| F|  |TAMS 0x0000000084c00000, 0x0000000084c00000| Untracked 
|  23|0x0000000084d00000, 0x0000000084d00000, 0x0000000084e00000|  0%| F|  |TAMS 0x0000000084d00000, 0x0000000084d00000| Untracked 
|  24|0x0000000084e00000, 0x0000000084e00000, 0x0000000084f00000|  0%| F|  |TAMS 0x0000000084e00000, 0x0000000084e00000| Untracked 
|  25|0x0000000084f00000, 0x0000000084f00000, 0x0000000085000000|  0%| F|  |TAMS 0x0000000084f00000, 0x0000000084f00000| Untracked 
|  26|0x0000000085000000, 0x0000000085000000, 0x0000000085100000|  0%| F|  |TAMS 0x0000000085000000, 0x0000000085000000| Untracked 
|  27|0x0000000085100000, 0x0000000085100000, 0x0000000085200000|  0%| F|  |TAMS 0x0000000085100000, 0x0000000085100000| Untracked 
|  28|0x0000000085200000, 0x0000000085200000, 0x0000000085300000|  0%| F|  |TAMS 0x0000000085200000, 0x0000000085200000| Untracked 
|  29|0x0000000085300000, 0x0000000085300000, 0x0000000085400000|  0%| F|  |TAMS 0x0000000085300000, 0x0000000085300000| Untracked 
|  30|0x0000000085400000, 0x0000000085400000, 0x0000000085500000|  0%| F|  |TAMS 0x0000000085400000, 0x0000000085400000| Untracked 
|  31|0x0000000085500000, 0x0000000085500000, 0x0000000085600000|  0%| F|  |TAMS 0x0000000085500000, 0x0000000085500000| Untracked 
|  32|0x0000000085600000, 0x0000000085600000, 0x0000000085700000|  0%| F|  |TAMS 0x0000000085600000, 0x0000000085600000| Untracked 
|  33|0x0000000085700000, 0x0000000085700000, 0x0000000085800000|  0%| F|  |TAMS 0x0000000085700000, 0x0000000085700000| Untracked 
|  34|0x0000000085800000, 0x0000000085800000, 0x0000000085900000|  0%| F|  |TAMS 0x0000000085800000, 0x0000000085800000| Untracked 
|  35|0x0000000085900000, 0x0000000085900000, 0x0000000085a00000|  0%| F|  |TAMS 0x0000000085900000, 0x0000000085900000| Untracked 
|  36|0x0000000085a00000, 0x0000000085a00000, 0x0000000085b00000|  0%| F|  |TAMS 0x0000000085a00000, 0x0000000085a00000| Untracked 
|  37|0x0000000085b00000, 0x0000000085b00000, 0x0000000085c00000|  0%| F|  |TAMS 0x0000000085b00000, 0x0000000085b00000| Untracked 
|  38|0x0000000085c00000, 0x0000000085c00000, 0x0000000085d00000|  0%| F|  |TAMS 0x0000000085c00000, 0x0000000085c00000| Untracked 
|  39|0x0000000085d00000, 0x0000000085d00000, 0x0000000085e00000|  0%| F|  |TAMS 0x0000000085d00000, 0x0000000085d00000| Untracked 
|  40|0x0000000085e00000, 0x0000000085e00000, 0x0000000085f00000|  0%| F|  |TAMS 0x0000000085e00000, 0x0000000085e00000| Untracked 
|  41|0x0000000085f00000, 0x0000000085f00000, 0x0000000086000000|  0%| F|  |TAMS 0x0000000085f00000, 0x0000000085f00000| Untracked 
|  42|0x0000000086000000, 0x0000000086000000, 0x0000000086100000|  0%| F|  |TAMS 0x0000000086000000, 0x0000000086000000| Untracked 
|  43|0x0000000086100000, 0x0000000086100000, 0x0000000086200000|  0%| F|  |TAMS 0x0000000086100000, 0x0000000086100000| Untracked 
|  44|0x0000000086200000, 0x0000000086200000, 0x0000000086300000|  0%| F|  |TAMS 0x0000000086200000, 0x0000000086200000| Untracked 
|  45|0x0000000086300000, 0x0000000086300000, 0x0000000086400000|  0%| F|  |TAMS 0x0000000086300000, 0x0000000086300000| Untracked 
|  46|0x0000000086400000, 0x0000000086400000, 0x0000000086500000|  0%| F|  |TAMS 0x0000000086400000, 0x0000000086400000| Untracked 
|  47|0x0000000086500000, 0x0000000086500000, 0x0000000086600000|  0%| F|  |TAMS 0x0000000086500000, 0x0000000086500000| Untracked 
|  48|0x0000000086600000, 0x0000000086600000, 0x0000000086700000|  0%| F|  |TAMS 0x0000000086600000, 0x0000000086600000| Untracked 
|  49|0x0000000086700000, 0x0000000086700000, 0x0000000086800000|  0%| F|  |TAMS 0x0000000086700000, 0x0000000086700000| Untracked 
|  50|0x0000000086800000, 0x0000000086800000, 0x0000000086900000|  0%| F|  |TAMS 0x0000000086800000, 0x0000000086800000| Untracked 
|  51|0x0000000086900000, 0x0000000086900000, 0x0000000086a00000|  0%| F|  |TAMS 0x0000000086900000, 0x0000000086900000| Untracked 
|  52|0x0000000086a00000, 0x0000000086a00000, 0x0000000086b00000|  0%| F|  |TAMS 0x0000000086a00000, 0x0000000086a00000| Untracked 
|  53|0x0000000086b00000, 0x0000000086b00000, 0x0000000086c00000|  0%| F|  |TAMS 0x0000000086b00000, 0x0000000086b00000| Untracked 
|  54|0x0000000086c00000, 0x0000000086c00000, 0x0000000086d00000|  0%| F|  |TAMS 0x0000000086c00000, 0x0000000086c00000| Untracked 
|  55|0x0000000086d00000, 0x0000000086d00000, 0x0000000086e00000|  0%| F|  |TAMS 0x0000000086d00000, 0x0000000086d00000| Untracked 
|  56|0x0000000086e00000, 0x0000000086e00000, 0x0000000086f00000|  0%| F|  |TAMS 0x0000000086e00000, 0x0000000086e00000| Untracked 
|  57|0x0000000086f00000, 0x0000000086f00000, 0x0000000087000000|  0%| F|  |TAMS 0x0000000086f00000, 0x0000000086f00000| Untracked 
|  58|0x0000000087000000, 0x0000000087000000, 0x0000000087100000|  0%| F|  |TAMS 0x0000000087000000, 0x0000000087000000| Untracked 
|  59|0x0000000087100000, 0x0000000087100000, 0x0000000087200000|  0%| F|  |TAMS 0x0000000087100000, 0x0000000087100000| Untracked 
|  60|0x0000000087200000, 0x0000000087200000, 0x0000000087300000|  0%| F|  |TAMS 0x0000000087200000, 0x0000000087200000| Untracked 
|  61|0x0000000087300000, 0x0000000087300000, 0x0000000087400000|  0%| F|  |TAMS 0x0000000087300000, 0x0000000087300000| Untracked 
|  62|0x0000000087400000, 0x0000000087400000, 0x0000000087500000|  0%| F|  |TAMS 0x0000000087400000, 0x0000000087400000| Untracked 
|  63|0x0000000087500000, 0x0000000087500000, 0x0000000087600000|  0%| F|  |TAMS 0x0000000087500000, 0x0000000087500000| Untracked 
|  64|0x0000000087600000, 0x0000000087600000, 0x0000000087700000|  0%| F|  |TAMS 0x0000000087600000, 0x0000000087600000| Untracked 
|  65|0x0000000087700000, 0x0000000087700000, 0x0000000087800000|  0%| F|  |TAMS 0x0000000087700000, 0x0000000087700000| Untracked 
|  66|0x0000000087800000, 0x0000000087800000, 0x0000000087900000|  0%| F|  |TAMS 0x0000000087800000, 0x0000000087800000| Untracked 
|  67|0x0000000087900000, 0x0000000087900000, 0x0000000087a00000|  0%| F|  |TAMS 0x0000000087900000, 0x0000000087900000| Untracked 
|  68|0x0000000087a00000, 0x0000000087a00000, 0x0000000087b00000|  0%| F|  |TAMS 0x0000000087a00000, 0x0000000087a00000| Untracked 
|  69|0x0000000087b00000, 0x0000000087b00000, 0x0000000087c00000|  0%| F|  |TAMS 0x0000000087b00000, 0x0000000087b00000| Untracked 
|  70|0x0000000087c00000, 0x0000000087c00000, 0x0000000087d00000|  0%| F|  |TAMS 0x0000000087c00000, 0x0000000087c00000| Untracked 
|  71|0x0000000087d00000, 0x0000000087d00000, 0x0000000087e00000|  0%| F|  |TAMS 0x0000000087d00000, 0x0000000087d00000| Untracked 
|  72|0x0000000087e00000, 0x0000000087e00000, 0x0000000087f00000|  0%| F|  |TAMS 0x0000000087e00000, 0x0000000087e00000| Untracked 
|  73|0x0000000087f00000, 0x0000000087f00000, 0x0000000088000000|  0%| F|  |TAMS 0x0000000087f00000, 0x0000000087f00000| Untracked 
|  74|0x0000000088000000, 0x0000000088000000, 0x0000000088100000|  0%| F|  |TAMS 0x0000000088000000, 0x0000000088000000| Untracked 
|  75|0x0000000088100000, 0x0000000088100000, 0x0000000088200000|  0%| F|  |TAMS 0x0000000088100000, 0x0000000088100000| Untracked 
|  76|0x0000000088200000, 0x0000000088200000, 0x0000000088300000|  0%| F|  |TAMS 0x0000000088200000, 0x0000000088200000| Untracked 
|  77|0x0000000088300000, 0x0000000088300000, 0x0000000088400000|  0%| F|  |TAMS 0x0000000088300000, 0x0000000088300000| Untracked 
|  78|0x0000000088400000, 0x0000000088400000, 0x0000000088500000|  0%| F|  |TAMS 0x0000000088400000, 0x0000000088400000| Untracked 
|  79|0x0000000088500000, 0x000000008854fdd0, 0x0000000088600000| 31%| S|CS|TAMS 0x0000000088500000, 0x0000000088500000| Complete 
|  80|0x0000000088600000, 0x0000000088700000, 0x0000000088700000|100%| S|CS|TAMS 0x0000000088600000, 0x0000000088600000| Complete 
|  81|0x0000000088700000, 0x0000000088800000, 0x0000000088800000|100%| S|CS|TAMS 0x0000000088700000, 0x0000000088700000| Complete 
|  82|0x0000000088800000, 0x0000000088900000, 0x0000000088900000|100%| S|CS|TAMS 0x0000000088800000, 0x0000000088800000| Complete 
|  83|0x0000000088900000, 0x0000000088a00000, 0x0000000088a00000|100%| S|CS|TAMS 0x0000000088900000, 0x0000000088900000| Complete 
|  84|0x0000000088a00000, 0x0000000088b00000, 0x0000000088b00000|100%| S|CS|TAMS 0x0000000088a00000, 0x0000000088a00000| Complete 
|  85|0x0000000088b00000, 0x0000000088c00000, 0x0000000088c00000|100%| S|CS|TAMS 0x0000000088b00000, 0x0000000088b00000| Complete 
|  86|0x0000000088c00000, 0x0000000088c00000, 0x0000000088d00000|  0%| F|  |TAMS 0x0000000088c00000, 0x0000000088c00000| Untracked 
|  87|0x0000000088d00000, 0x0000000088d00000, 0x0000000088e00000|  0%| F|  |TAMS 0x0000000088d00000, 0x0000000088d00000| Untracked 
|  88|0x0000000088e00000, 0x0000000088e00000, 0x0000000088f00000|  0%| F|  |TAMS 0x0000000088e00000, 0x0000000088e00000| Untracked 
|  89|0x0000000088f00000, 0x0000000088f00000, 0x0000000089000000|  0%| F|  |TAMS 0x0000000088f00000, 0x0000000088f00000| Untracked 
|  90|0x0000000089000000, 0x0000000089000000, 0x0000000089100000|  0%| F|  |TAMS 0x0000000089000000, 0x0000000089000000| Untracked 
|  91|0x0000000089100000, 0x0000000089100000, 0x0000000089200000|  0%| F|  |TAMS 0x0000000089100000, 0x0000000089100000| Untracked 
|  92|0x0000000089200000, 0x0000000089200000, 0x0000000089300000|  0%| F|  |TAMS 0x0000000089200000, 0x0000000089200000| Untracked 
|  93|0x0000000089300000, 0x0000000089300000, 0x0000000089400000|  0%| F|  |TAMS 0x0000000089300000, 0x0000000089300000| Untracked 
|  94|0x0000000089400000, 0x0000000089400000, 0x0000000089500000|  0%| F|  |TAMS 0x0000000089400000, 0x0000000089400000| Untracked 
|  95|0x0000000089500000, 0x0000000089500000, 0x0000000089600000|  0%| F|  |TAMS 0x0000000089500000, 0x0000000089500000| Untracked 
|  96|0x0000000089600000, 0x0000000089700000, 0x0000000089700000|100%| E|  |TAMS 0x0000000089600000, 0x0000000089600000| Complete 
|  97|0x0000000089700000, 0x0000000089800000, 0x0000000089800000|100%| E|CS|TAMS 0x0000000089700000, 0x0000000089700000| Complete 
|  98|0x0000000089800000, 0x0000000089900000, 0x0000000089900000|100%| E|CS|TAMS 0x0000000089800000, 0x0000000089800000| Complete 
|  99|0x0000000089900000, 0x0000000089a00000, 0x0000000089a00000|100%| E|CS|TAMS 0x0000000089900000, 0x0000000089900000| Complete 
| 100|0x0000000089a00000, 0x0000000089b00000, 0x0000000089b00000|100%| E|CS|TAMS 0x0000000089a00000, 0x0000000089a00000| Complete 
| 101|0x0000000089b00000, 0x0000000089c00000, 0x0000000089c00000|100%| E|CS|TAMS 0x0000000089b00000, 0x0000000089b00000| Complete 
| 102|0x0000000089c00000, 0x0000000089d00000, 0x0000000089d00000|100%| E|CS|TAMS 0x0000000089c00000, 0x0000000089c00000| Complete 
| 103|0x0000000089d00000, 0x0000000089e00000, 0x0000000089e00000|100%| E|CS|TAMS 0x0000000089d00000, 0x0000000089d00000| Complete 
| 104|0x0000000089e00000, 0x0000000089f00000, 0x0000000089f00000|100%| E|CS|TAMS 0x0000000089e00000, 0x0000000089e00000| Complete 
| 105|0x0000000089f00000, 0x000000008a000000, 0x000000008a000000|100%| E|CS|TAMS 0x0000000089f00000, 0x0000000089f00000| Complete 
| 106|0x000000008a000000, 0x000000008a100000, 0x000000008a100000|100%| E|CS|TAMS 0x000000008a000000, 0x000000008a000000| Complete 
| 107|0x000000008a100000, 0x000000008a200000, 0x000000008a200000|100%| E|CS|TAMS 0x000000008a100000, 0x000000008a100000| Complete 
| 108|0x000000008a200000, 0x000000008a300000, 0x000000008a300000|100%| E|CS|TAMS 0x000000008a200000, 0x000000008a200000| Complete 
| 109|0x000000008a300000, 0x000000008a400000, 0x000000008a400000|100%| E|CS|TAMS 0x000000008a300000, 0x000000008a300000| Complete 
| 110|0x000000008a400000, 0x000000008a500000, 0x000000008a500000|100%| E|CS|TAMS 0x000000008a400000, 0x000000008a400000| Complete 
| 111|0x000000008a500000, 0x000000008a600000, 0x000000008a600000|100%| E|CS|TAMS 0x000000008a500000, 0x000000008a500000| Complete 
| 112|0x000000008a600000, 0x000000008a700000, 0x000000008a700000|100%| E|CS|TAMS 0x000000008a600000, 0x000000008a600000| Complete 
| 113|0x000000008a700000, 0x000000008a800000, 0x000000008a800000|100%| E|CS|TAMS 0x000000008a700000, 0x000000008a700000| Complete 
| 114|0x000000008a800000, 0x000000008a900000, 0x000000008a900000|100%| E|CS|TAMS 0x000000008a800000, 0x000000008a800000| Complete 
| 115|0x000000008a900000, 0x000000008aa00000, 0x000000008aa00000|100%| E|CS|TAMS 0x000000008a900000, 0x000000008a900000| Complete 
| 116|0x000000008aa00000, 0x000000008ab00000, 0x000000008ab00000|100%| E|CS|TAMS 0x000000008aa00000, 0x000000008aa00000| Complete 
| 117|0x000000008ab00000, 0x000000008ac00000, 0x000000008ac00000|100%| E|CS|TAMS 0x000000008ab00000, 0x000000008ab00000| Complete 
| 118|0x000000008ac00000, 0x000000008ad00000, 0x000000008ad00000|100%| E|CS|TAMS 0x000000008ac00000, 0x000000008ac00000| Complete 
| 119|0x000000008ad00000, 0x000000008ae00000, 0x000000008ae00000|100%| E|CS|TAMS 0x000000008ad00000, 0x000000008ad00000| Complete 
| 120|0x000000008ae00000, 0x000000008af00000, 0x000000008af00000|100%| E|CS|TAMS 0x000000008ae00000, 0x000000008ae00000| Complete 
| 121|0x000000008af00000, 0x000000008b000000, 0x000000008b000000|100%| E|CS|TAMS 0x000000008af00000, 0x000000008af00000| Complete 
| 122|0x000000008b000000, 0x000000008b100000, 0x000000008b100000|100%| E|CS|TAMS 0x000000008b000000, 0x000000008b000000| Complete 
| 123|0x000000008b100000, 0x000000008b200000, 0x000000008b200000|100%| E|CS|TAMS 0x000000008b100000, 0x000000008b100000| Complete 
| 124|0x000000008b200000, 0x000000008b300000, 0x000000008b300000|100%| E|CS|TAMS 0x000000008b200000, 0x000000008b200000| Complete 
| 125|0x000000008b300000, 0x000000008b400000, 0x000000008b400000|100%| E|CS|TAMS 0x000000008b300000, 0x000000008b300000| Complete 

Card table byte_map: [0x0000024c56210000,0x0000024c56600000] _byte_map_base: 0x0000024c55df5000

Marking Bits (Prev, Next): (CMBitMap*) 0x0000024c428d9000, (CMBitMap*) 0x0000024c428d8fc8
 Prev Bits: [0x0000024c58920000, 0x0000024c5a848000)
 Next Bits: [0x0000024c569f0000, 0x0000024c58918000)

Polling page: 0x0000024c42980000

Metaspace:

Usage:
  Non-class:     25.46 MB capacity,    25.20 MB (>99%) used,   216.68 KB ( <1%) free+waste,    43.63 KB ( <1%) overhead. 
      Class:      3.51 MB capacity,     3.39 MB ( 96%) used,   111.20 KB (  3%) free+waste,    20.00 KB ( <1%) overhead. 
       Both:     28.97 MB capacity,    28.59 MB ( 99%) used,   327.88 KB (  1%) free+waste,    63.63 KB ( <1%) overhead. 

Virtual space:
  Non-class space:       26.00 MB reserved,      25.50 MB ( 98%) committed 
      Class space:        1.00 GB reserved,       3.63 MB ( <1%) committed 
             Both:        1.03 GB reserved,      29.13 MB (  3%) committed 

Chunk freelists:
   Non-Class:  46.00 KB
       Class:  18.00 KB
        Both:  64.00 KB

MaxMetaspaceSize: 17179869184.00 GB
CompressedClassSpaceSize: 1.00 GB

CodeHeap 'non-profiled nmethods': size=120000Kb used=673Kb max_used=673Kb free=119326Kb
 bounds [0x0000024c4de80000, 0x0000024c4e0f0000, 0x0000024c553b0000]
CodeHeap 'profiled nmethods': size=120000Kb used=3722Kb max_used=3722Kb free=116277Kb
 bounds [0x0000024c46950000, 0x0000024c46d00000, 0x0000024c4de80000]
CodeHeap 'non-nmethods': size=5760Kb used=1163Kb max_used=1175Kb free=4596Kb
 bounds [0x0000024c463b0000, 0x0000024c46620000, 0x0000024c46950000]
 total_blobs=2560 nmethods=2055 adapters=416
 compilation: enabled
              stopped_count=0, restarted_count=0
 full_count=0

Compilation events (20 events):
Event: 1.498 Thread 0x0000024c5dbe3000 nmethod 1984 0x0000024c4df21e10 code [0x0000024c4df21fc0, 0x0000024c4df22418]
Event: 1.498 Thread 0x0000024c5dbe3000 1985  s    4       java.io.ByteArrayOutputStream::write (32 bytes)
Event: 1.502 Thread 0x0000024c5dbe3000 nmethod 1985 0x0000024c4df22610 code [0x0000024c4df227c0, 0x0000024c4df22c78]
Event: 1.502 Thread 0x0000024c5dbe3000 1986       4       java.io.ByteArrayOutputStream::ensureCapacity (16 bytes)
Event: 1.504 Thread 0x0000024c5dbe3000 nmethod 1986 0x0000024c4df22e10 code [0x0000024c4df22fc0, 0x0000024c4df23178]
Event: 1.506 Thread 0x0000024c5dd7f800 nmethod 1982 0x0000024c4df23290 code [0x0000024c4df23440, 0x0000024c4df23df8]
Event: 1.507 Thread 0x0000024c5dbe3000 1992       4       java.security.CodeSource::getCertificates (98 bytes)
Event: 1.508 Thread 0x0000024c5dbe3000 nmethod 1992 0x0000024c4df24210 code [0x0000024c4df243a0, 0x0000024c4df24438]
Event: 1.510 Thread 0x0000024c5dd7f800 1993       4       jdk.internal.org.objectweb.asm.ByteVector::putByte (39 bytes)
Event: 1.511 Thread 0x0000024c5dd7f800 nmethod 1993 0x0000024c4df24510 code [0x0000024c4df246c0, 0x0000024c4df247e8]
Event: 1.523 Thread 0x0000024c5dbe4000 1995       3       java.lang.invoke.MethodHandles$Lookup::checkSecurityManager (104 bytes)
Event: 1.524 Thread 0x0000024c5dbe4000 nmethod 1995 0x0000024c46cd4810 code [0x0000024c46cd4b00, 0x0000024c46cd59c8]
Event: 1.558 Thread 0x0000024c5dbe4000 1996       1       java.lang.reflect.Constructor::getSharedParameterTypes (5 bytes)
Event: 1.558 Thread 0x0000024c5dbe4000 nmethod 1996 0x0000024c4df24b10 code [0x0000024c4df24cc0, 0x0000024c4df24d78]
Event: 1.573 Thread 0x0000024c5dbe4000 1997       3       jdk.internal.reflect.ReflectionFactory::getExecutableSharedParameterTypes (10 bytes)
Event: 1.573 Thread 0x0000024c5dbe4000 nmethod 1997 0x0000024c46cd5e90 code [0x0000024c46cd6080, 0x0000024c46cd6408]
Event: 1.573 Thread 0x0000024c5dbe4000 1998       3       java.lang.reflect.ReflectAccess::getExecutableSharedParameterTypes (5 bytes)
Event: 1.573 Thread 0x0000024c5dbe4000 nmethod 1998 0x0000024c46cd6590 code [0x0000024c46cd6740, 0x0000024c46cd6908]
Event: 1.612 Thread 0x0000024c5dbe4000 1999       3       java.util.zip.ZipFile$Source::getEntryPos (9 bytes)
Event: 1.612 Thread 0x0000024c5dbe3000 2000       4       java.lang.String::lastIndexOf (12 bytes)

GC Heap History (4 events):
Event: 0.512 GC heap before
{Heap before GC invocations=0 (full 0):
 garbage-first heap   total 129024K, used 27648K [0x0000000083600000, 0x0000000100000000)
  region size 1024K, 24 young (24576K), 0 survivors (0K)
 Metaspace       used 12178K, capacity 12277K, committed 12544K, reserved 1060864K
  class space    used 1140K, capacity 1174K, committed 1280K, reserved 1048576K
}
Event: 0.516 GC heap after
{Heap after GC invocations=1 (full 0):
 garbage-first heap   total 129024K, used 5870K [0x0000000083600000, 0x0000000100000000)
  region size 1024K, 3 young (3072K), 3 survivors (3072K)
 Metaspace       used 12178K, capacity 12277K, committed 12544K, reserved 1060864K
  class space    used 1140K, capacity 1174K, committed 1280K, reserved 1048576K
}
Event: 1.091 GC heap before
{Heap before GC invocations=1 (full 0):
 garbage-first heap   total 129024K, used 42734K [0x0000000083600000, 0x0000000100000000)
  region size 1024K, 40 young (40960K), 3 survivors (3072K)
 Metaspace       used 20902K, capacity 21101K, committed 21248K, reserved 1069056K
  class space    used 2220K, capacity 2286K, committed 2304K, reserved 1048576K
}
Event: 1.103 GC heap after
{Heap after GC invocations=2 (full 0):
 garbage-first heap   total 129024K, used 9535K [0x0000000083600000, 0x0000000100000000)
  region size 1024K, 7 young (7168K), 7 survivors (7168K)
 Metaspace       used 20902K, capacity 21101K, committed 21248K, reserved 1069056K
  class space    used 2220K, capacity 2286K, committed 2304K, reserved 1048576K
}

Deoptimization events (20 events):
Event: 1.426 Thread 0x0000024c4289a000 Uncommon trap: trap_request=0xffffff4d fr.pc=0x0000024c4def935c relative=0x00000000000001bc
Event: 1.426 Thread 0x0000024c4289a000 Uncommon trap: reason=unstable_if action=reinterpret pc=0x0000024c4def935c method=java.lang.String.startsWith(Ljava/lang/String;I)Z @ 1 c2
Event: 1.426 Thread 0x0000024c4289a000 DEOPT PACKING pc=0x0000024c4def935c sp=0x0000008e23bfdf90
Event: 1.426 Thread 0x0000024c4289a000 DEOPT UNPACKING pc=0x0000024c463d78af sp=0x0000008e23bfdf00 mode 2
Event: 1.603 Thread 0x0000024c4289a000 Uncommon trap: trap_request=0xffffff4d fr.pc=0x0000024c4df1f7d4 relative=0x00000000000000b4
Event: 1.603 Thread 0x0000024c4289a000 Uncommon trap: reason=unstable_if action=reinterpret pc=0x0000024c4df1f7d4 method=java.lang.ref.SoftReference.get()Ljava/lang/Object; @ 6 c2
Event: 1.603 Thread 0x0000024c4289a000 DEOPT PACKING pc=0x0000024c4df1f7d4 sp=0x0000008e23bfe3d0
Event: 1.603 Thread 0x0000024c4289a000 DEOPT UNPACKING pc=0x0000024c463d78af sp=0x0000008e23bfe388 mode 2
Event: 1.604 Thread 0x0000024c4289a000 Uncommon trap: trap_request=0xffffffde fr.pc=0x0000024c4df08f84 relative=0x0000000000000064
Event: 1.604 Thread 0x0000024c4289a000 Uncommon trap: reason=class_check action=maybe_recompile pc=0x0000024c4df08f84 method=java.util.LinkedHashMap.afterNodeInsertion(Z)V @ 15 c2
Event: 1.604 Thread 0x0000024c4289a000 DEOPT PACKING pc=0x0000024c4df08f84 sp=0x0000008e23bfde10
Event: 1.604 Thread 0x0000024c4289a000 DEOPT UNPACKING pc=0x0000024c463d78af sp=0x0000008e23bfdd88 mode 2
Event: 1.604 Thread 0x0000024c4289a000 Uncommon trap: trap_request=0xffffffde fr.pc=0x0000024c4df08f84 relative=0x0000000000000064
Event: 1.604 Thread 0x0000024c4289a000 Uncommon trap: reason=class_check action=maybe_recompile pc=0x0000024c4df08f84 method=java.util.LinkedHashMap.afterNodeInsertion(Z)V @ 15 c2
Event: 1.604 Thread 0x0000024c4289a000 DEOPT PACKING pc=0x0000024c4df08f84 sp=0x0000008e23bfde10
Event: 1.604 Thread 0x0000024c4289a000 DEOPT UNPACKING pc=0x0000024c463d78af sp=0x0000008e23bfdd88 mode 2
Event: 1.610 Thread 0x0000024c4289a000 Uncommon trap: trap_request=0xffffff4d fr.pc=0x0000024c4de9acd4 relative=0x0000000000000974
Event: 1.610 Thread 0x0000024c4289a000 Uncommon trap: reason=unstable_if action=reinterpret pc=0x0000024c4de9acd4 method=java.util.zip.ZipFile$Source.getEntryPos([BZ)I @ 156 c2
Event: 1.610 Thread 0x0000024c4289a000 DEOPT PACKING pc=0x0000024c4de9acd4 sp=0x0000008e23bfe0b0
Event: 1.610 Thread 0x0000024c4289a000 DEOPT UNPACKING pc=0x0000024c463d78af sp=0x0000008e23bfe050 mode 2

Classes redefined (0 events):
No events

Internal exceptions (18 events):
Event: 0.862 Thread 0x0000024c4289a000 Exception <a 'java/lang/NoSuchMethodError'{0x0000000089d1e1b0}: 'int java.lang.invoke.DirectMethodHandle$Holder.invokeSpecialIFC(java.lang.Object, java.lang.Object, int)'> (0x0000000089d1e1b0) thrown at [./src/hotspot/share/interpreter/linkResolver.cpp, line 773]
Event: 1.008 Thread 0x0000024c4289a000 Exception <a 'java/lang/NoSuchMethodError'{0x0000000089255df8}: 'java.lang.Object java.lang.invoke.DirectMethodHandle$Holder.invokeStaticInit(java.lang.Object, int)'> (0x0000000089255df8) thrown at [./src/hotspot/share/interpreter/linkResolver.cpp, line 773]
Event: 1.031 Thread 0x0000024c4289a000 Exception <a 'java/lang/NoSuchMethodError'{0x00000000891ed450}: 'long java.lang.invoke.DirectMethodHandle$Holder.invokeStatic(java.lang.Object)'> (0x00000000891ed450) thrown at [./src/hotspot/share/interpreter/linkResolver.cpp, line 773]
Event: 1.031 Thread 0x0000024c4289a000 Exception <a 'java/lang/NoSuchMethodError'{0x00000000891f02a8}: 'long java.lang.invoke.DirectMethodHandle$Holder.invokeStaticInit(java.lang.Object)'> (0x00000000891f02a8) thrown at [./src/hotspot/share/interpreter/linkResolver.cpp, line 773]
Event: 1.073 Thread 0x0000024c4289a000 Exception <a 'java/lang/NoSuchMethodError'{0x0000000088d5cc48}: 'int java.lang.invoke.DirectMethodHandle$Holder.invokeStaticInit(java.lang.Object, java.lang.Object, java.lang.Object)'> (0x0000000088d5cc48) thrown at [./src/hotspot/share/interpreter/linkResolver.cpp, line 773]
Event: 1.077 Thread 0x0000024c4289a000 Exception <a 'java/lang/NoSuchMethodError'{0x0000000088d88308}: 'int java.lang.invoke.DirectMethodHandle$Holder.invokeStaticInit(java.lang.Object, java.lang.Object)'> (0x0000000088d88308) thrown at [./src/hotspot/share/interpreter/linkResolver.cpp, line 773]
Event: 1.278 Thread 0x0000024c4289a000 Exception <a 'java/lang/NoSuchMethodError'{0x000000008aa0bc60}: 'java.lang.Object java.lang.invoke.DirectMethodHandle$Holder.invokeStatic(java.lang.Object, java.lang.Object, java.lang.Object, java.lang.Object, java.lang.Object, java.lang.Object, java.lang.Object, java.lang.Object, java.lang.Object, java.lang.Object, java.lang.Object, java.lang.Object, java.lang.Object, java.lang.Object, java.lang.Object)'> (0x000000008aa0bc60) thrown at [./src/hotspot/share/interpreter/linkResolver.cpp, line 773]
Event: 1.280 Thread 0x0000024c4289a000 Exception <a 'java/lang/NoSuchMethodError'{0x000000008aa1a000}: 'java.lang.Object java.lang.invoke.DirectMethodHandle$Holder.invokeStatic(java.lang.Object, java.lang.Object, java.lang.Object, java.lang.Object, java.lang.Object, java.lang.Object, java.lang.Object, java.lang.Object, java.lang.Object, java.lang.Object, java.lang.Object, java.lang.Object, java.lang.Object, java.lang.Object, java.lang.Object, java.lang.Object)'> (0x000000008aa1a000) thrown at [./src/hotspot/share/interpreter/linkResolver.cpp, l
Event: 1.281 Thread 0x0000024c4289a000 Exception <a 'java/lang/NoSuchMethodError'{0x000000008aa27f18}: 'java.lang.Object java.lang.invoke.DirectMethodHandle$Holder.invokeSpecial(java.lang.Object, java.lang.Object, int, int, java.lang.Object, java.lang.Object, java.lang.Object)'> (0x000000008aa27f18) thrown at [./src/hotspot/share/interpreter/linkResolver.cpp, line 773]
Event: 1.282 Thread 0x0000024c4289a000 Exception <a 'java/lang/NoSuchMethodError'{0x000000008aa2b750}: 'java.lang.Object java.lang.invoke.DelegatingMethodHandle$Holder.reinvoke_L(java.lang.Object, int, int, java.lang.Object, java.lang.Object, java.lang.Object)'> (0x000000008aa2b750) thrown at [./src/hotspot/share/interpreter/linkResolver.cpp, line 773]
Event: 1.282 Thread 0x0000024c4289a000 Exception <a 'java/lang/NoSuchMethodError'{0x000000008aa2fad8}: 'java.lang.Object java.lang.invoke.DirectMethodHandle$Holder.invokeStatic(java.lang.Object, java.lang.Object, java.lang.Object, java.lang.Object, int)'> (0x000000008aa2fad8) thrown at [./src/hotspot/share/interpreter/linkResolver.cpp, line 773]
Event: 1.324 Thread 0x0000024c4289a000 Implicit null exception at 0x0000024c4df0842c to 0x0000024c4df085da
Event: 1.356 Thread 0x0000024c4289a000 Exception <a 'java/lang/NoSuchMethodError'{0x000000008a5acf28}: 'void java.lang.invoke.DirectMethodHandle$Holder.invokeStatic(java.lang.Object, java.lang.Object, java.lang.Object, java.lang.Object)'> (0x000000008a5acf28) thrown at [./src/hotspot/share/interpreter/linkResolver.cpp, line 773]
Event: 1.374 Thread 0x0000024c4289a000 Exception <a 'java/lang/NoSuchMethodError'{0x000000008a4fbfa8}: 'void java.lang.invoke.DirectMethodHandle$Holder.invokeSpecial(java.lang.Object, java.lang.Object)'> (0x000000008a4fbfa8) thrown at [./src/hotspot/share/interpreter/linkResolver.cpp, line 773]
Event: 1.406 Thread 0x0000024c4289a000 Exception <a 'java/lang/NoSuchMethodError'{0x000000008a19e170}: 'void java.lang.invoke.DirectMethodHandle$Holder.invokeStaticInit(java.lang.Object, java.lang.Object)'> (0x000000008a19e170) thrown at [./src/hotspot/share/interpreter/linkResolver.cpp, line 773]
Event: 1.412 Thread 0x0000024c4289a000 Exception <a 'java/lang/NoSuchMethodError'{0x000000008a1dc7d0}: 'void java.lang.invoke.DirectMethodHandle$Holder.invokeInterface(java.lang.Object, java.lang.Object)'> (0x000000008a1dc7d0) thrown at [./src/hotspot/share/interpreter/linkResolver.cpp, line 773]
Event: 1.477 Thread 0x0000024c4289a000 Exception <a 'java/lang/NoSuchMethodError'{0x0000000089df5688}: 'void java.lang.invoke.DirectMethodHandle$Holder.invokeVirtual(java.lang.Object, java.lang.Object)'> (0x0000000089df5688) thrown at [./src/hotspot/share/interpreter/linkResolver.cpp, line 773]
Event: 1.486 Thread 0x0000024c4289a000 Exception <a 'java/lang/NoSuchMethodError'{0x0000000089c6c2b8}: 'int java.lang.invoke.DirectMethodHandle$Holder.invokeVirtual(java.lang.Object, java.lang.Object)'> (0x0000000089c6c2b8) thrown at [./src/hotspot/share/interpreter/linkResolver.cpp, line 773]

Events (20 events):
Event: 1.608 loading class org/jetbrains/kotlin/com/intellij/util/containers/ShareableKey done
Event: 1.609 loading class org/jetbrains/kotlin/com/intellij/openapi/vfs/impl/ZipEntryMap
Event: 1.609 loading class org/jetbrains/kotlin/com/intellij/openapi/vfs/impl/ZipEntryMap done
Event: 1.609 loading class org/jetbrains/kotlin/com/intellij/openapi/vfs/impl/ArchiveHandler$EntryInfo
Event: 1.609 loading class org/jetbrains/kotlin/com/intellij/openapi/vfs/impl/ArchiveHandler$EntryInfo done
Event: 1.610 loading class java/util/zip/ZipFile$ZipEntryIterator
Event: 1.610 loading class java/util/zip/ZipFile$ZipEntryIterator done
Event: 1.610 loading class org/jetbrains/kotlin/com/intellij/openapi/util/Trinity
Event: 1.610 loading class org/jetbrains/kotlin/com/intellij/openapi/util/Trinity done
Event: 1.610 loading class org/jetbrains/kotlin/com/intellij/util/text/CharArrayUtil
Event: 1.610 loading class org/jetbrains/kotlin/com/intellij/util/text/CharArrayUtil done
Event: 1.611 loading class org/jetbrains/kotlin/com/intellij/util/text/ImmutableCharSequence
Event: 1.611 loading class org/jetbrains/kotlin/com/intellij/util/text/ImmutableCharSequence done
Event: 1.611 loading class org/jetbrains/kotlin/com/intellij/util/text/ImmutableText
Event: 1.611 loading class org/jetbrains/kotlin/com/intellij/util/text/ImmutableText done
Event: 1.611 loading class org/jetbrains/kotlin/com/intellij/util/text/CharArrayExternalizable
Event: 1.611 loading class org/jetbrains/kotlin/com/intellij/util/text/CharArrayExternalizable done
Event: 1.612 loading class org/jetbrains/kotlin/com/intellij/util/text/ByteArrayCharSequence
Event: 1.612 loading class org/jetbrains/kotlin/com/intellij/util/text/ByteArrayCharSequence done
Event: 1.612 Thread 0x0000024c5dd7f800 Thread exited: 0x0000024c5dd7f800


Dynamic libraries:
0x00007ff7964c0000 - 0x00007ff7964ca000 	C:\Program Files\Android\Android Studio\jre\bin\java.exe
0x00007fff59550000 - 0x00007fff59745000 	C:\WINDOWS\SYSTEM32\ntdll.dll
0x00007fff57ae0000 - 0x00007fff57b9e000 	C:\WINDOWS\System32\KERNEL32.DLL
0x00007fff56da0000 - 0x00007fff57068000 	C:\WINDOWS\System32\KERNELBASE.dll
0x00007fff57120000 - 0x00007fff57220000 	C:\WINDOWS\System32\ucrtbase.dll
0x00007fff4e7e0000 - 0x00007fff4e7f7000 	C:\Program Files\Android\Android Studio\jre\bin\VCRUNTIME140.dll
0x00007fff4d800000 - 0x00007fff4d819000 	C:\Program Files\Android\Android Studio\jre\bin\jli.dll
0x00007fff59320000 - 0x00007fff594c1000 	C:\WINDOWS\System32\USER32.dll
0x00007fff572c0000 - 0x00007fff572e2000 	C:\WINDOWS\System32\win32u.dll
0x00007fff446f0000 - 0x00007fff4498a000 	C:\WINDOWS\WinSxS\amd64_microsoft.windows.common-controls_6595b64144ccf1df_6.0.19041.1110_none_60b5254171f9507e\COMCTL32.dll
0x00007fff588b0000 - 0x00007fff588db000 	C:\WINDOWS\System32\GDI32.dll
0x00007fff58fa0000 - 0x00007fff5903e000 	C:\WINDOWS\System32\msvcrt.dll
0x00007fff57480000 - 0x00007fff5758d000 	C:\WINDOWS\System32\gdi32full.dll
0x00007fff57220000 - 0x00007fff572bd000 	C:\WINDOWS\System32\msvcp_win.dll
0x00007fff594d0000 - 0x00007fff59500000 	C:\WINDOWS\System32\IMM32.DLL
0x00007fff450a0000 - 0x00007fff4513d000 	C:\Program Files\Android\Android Studio\jre\bin\msvcp140.dll
0x00007ffed79c0000 - 0x00007ffed848f000 	C:\Program Files\Android\Android Studio\jre\bin\server\jvm.dll
0x00007fff58c10000 - 0x00007fff58cbc000 	C:\WINDOWS\System32\ADVAPI32.dll
0x00007fff58cc0000 - 0x00007fff58d5b000 	C:\WINDOWS\System32\sechost.dll
0x00007fff57590000 - 0x00007fff576ba000 	C:\WINDOWS\System32\RPCRT4.dll
0x00007fff57a20000 - 0x00007fff57a28000 	C:\WINDOWS\System32\PSAPI.DLL
0x00007fff38c60000 - 0x00007fff38c87000 	C:\WINDOWS\SYSTEM32\WINMM.dll
0x00007fff4f360000 - 0x00007fff4f369000 	C:\WINDOWS\SYSTEM32\WSOCK32.dll
0x00007fff4a730000 - 0x00007fff4a73a000 	C:\WINDOWS\SYSTEM32\VERSION.dll
0x00007fff590a0000 - 0x00007fff5910b000 	C:\WINDOWS\System32\WS2_32.dll
0x00007fff554e0000 - 0x00007fff554f2000 	C:\WINDOWS\SYSTEM32\kernel.appcore.dll
0x00007fff4f340000 - 0x00007fff4f351000 	C:\Program Files\Android\Android Studio\jre\bin\verify.dll
0x00007fff549d0000 - 0x00007fff54bb4000 	C:\WINDOWS\SYSTEM32\DBGHELP.DLL
0x00007fff415b0000 - 0x00007fff415dc000 	C:\WINDOWS\SYSTEM32\dbgcore.DLL
0x00007fff56d10000 - 0x00007fff56d92000 	C:\WINDOWS\System32\bcryptPrimitives.dll
0x00007fff4f310000 - 0x00007fff4f339000 	C:\Program Files\Android\Android Studio\jre\bin\java.dll
0x00007fff4e190000 - 0x00007fff4e19b000 	C:\Program Files\Android\Android Studio\jre\bin\jimage.dll
0x00007fff4e170000 - 0x00007fff4e188000 	C:\Program Files\Android\Android Studio\jre\bin\zip.dll
0x00007fff58080000 - 0x00007fff587c4000 	C:\WINDOWS\System32\SHELL32.dll
0x00007fff54d30000 - 0x00007fff554c4000 	C:\WINDOWS\SYSTEM32\windows.storage.dll
0x00007fff576c0000 - 0x00007fff57a15000 	C:\WINDOWS\System32\combase.dll
0x00007fff566b0000 - 0x00007fff566de000 	C:\WINDOWS\SYSTEM32\Wldp.dll
0x00007fff58960000 - 0x00007fff58a0d000 	C:\WINDOWS\System32\SHCORE.dll
0x00007fff58020000 - 0x00007fff58075000 	C:\WINDOWS\System32\shlwapi.dll
0x00007fff56ba0000 - 0x00007fff56bbf000 	C:\WINDOWS\SYSTEM32\profapi.dll
0x00007fff41800000 - 0x00007fff4181a000 	C:\Program Files\Android\Android Studio\jre\bin\net.dll
0x00007fff4e430000 - 0x00007fff4e53c000 	C:\WINDOWS\SYSTEM32\WINHTTP.dll
0x00007fff56410000 - 0x00007fff5647a000 	C:\WINDOWS\system32\mswsock.dll
0x00007fff417e0000 - 0x00007fff417f4000 	C:\Program Files\Android\Android Studio\jre\bin\nio.dll

dbghelp: loaded successfully - version: 4.0.5 - missing functions: none
symbol engine: initialized successfully - sym options: 0x614 - pdb path: .;C:\Program Files\Android\Android Studio\jre\bin;C:\WINDOWS\SYSTEM32;C:\WINDOWS\WinSxS\amd64_microsoft.windows.common-controls_6595b64144ccf1df_6.0.19041.1110_none_60b5254171f9507e;C:\Program Files\Android\Android Studio\jre\bin\server

VM Arguments:
java_command: org.jetbrains.kotlin.cli.jvm.K2JVMCompiler @C:\Users\82108\AndroidStudioProjects\fish\app\build\20211227_17172938056850289088.compiler.options
java_class_path (initial): C:\Users\82108\.gradle\caches\modules-2\files-2.1\org.jetbrains.kotlin\kotlin-compiler-embeddable\1.5.20\1900e8b9aca0a9caffd45b99b36e3720a0a284f8\kotlin-compiler-embeddable-1.5.20.jar;C:\Users\82108\.gradle\caches\modules-2\files-2.1\org.jetbrains.kotlin\kotlin-reflect\1.5.20\63810951f09a27f7827977f1bc21094042a915e\kotlin-reflect-1.5.20.jar;C:\Users\82108\.gradle\caches\modules-2\files-2.1\org.jetbrains.kotlin\kotlin-stdlib\1.5.20\9de35cc611bcecec8edce1d56d8e659953806751\kotlin-stdlib-1.5.20.jar;C:\Users\82108\.gradle\caches\modules-2\files-2.1\org.jetbrains.kotlin\kotlin-script-runtime\1.5.20\4381bb58d37b84d4d1afe55ec35542dd9b77e101\kotlin-script-runtime-1.5.20.jar;C:\Users\82108\.gradle\caches\modules-2\files-2.1\org.jetbrains.kotlin\kotlin-daemon-embeddable\1.5.20\36c38cda019834dcd2959cc33a12768adcd94256\kotlin-daemon-embeddable-1.5.20.jar;C:\Users\82108\.gradle\caches\modules-2\files-2.1\org.jetbrains.intellij.deps\trove4j\1.0.20181211\216c2e14b070f334479d800987affe4054cd563f\trove4j-1.0.20181211.jar;C:\Users\82108\.gradle\caches\modules-2\files-2.1\org.jetbrains\annotations\13.0\919f0dfe192fb4e063e7dacadee7f8bb9a2672a9\annotations-13.0.jar;C:\Users\82108\.gradle\caches\modules-2\files-2.1\org.jetbrains.kotlin\kotlin-stdlib-common\1.5.20\3d79dbd48bf605f4aac1e7028981a1953e245cbb\kotlin-stdlib-common-1.5.20.jar
Launcher Type: SUN_STANDARD

[Global flags]
     intx CICompilerCount                          = 4                                         {product} {ergonomic}
     uint ConcGCThreads                            = 2                                         {product} {ergonomic}
     uint G1ConcRefinementThreads                  = 8                                         {product} {ergonomic}
   size_t G1HeapRegionSize                         = 1048576                                   {product} {ergonomic}
    uintx GCDrainStackTargetSize                   = 64                                        {product} {ergonomic}
   size_t InitialHeapSize                          = 132120576                                 {product} {ergonomic}
   size_t MarkStackSize                            = 4194304                                   {product} {ergonomic}
   size_t MaxHeapSize                              = 2090860544                                {product} {ergonomic}
   size_t MaxNewSize                               = 1254096896                                {product} {ergonomic}
   size_t MinHeapDeltaBytes                        = 1048576                                   {product} {ergonomic}
    uintx NonNMethodCodeHeapSize                   = 5836300                                {pd product} {ergonomic}
    uintx NonProfiledCodeHeapSize                  = 122910970                              {pd product} {ergonomic}
    uintx ProfiledCodeHeapSize                     = 122910970                              {pd product} {ergonomic}
    uintx ReservedCodeCacheSize                    = 251658240                              {pd product} {ergonomic}
     bool SegmentedCodeCache                       = true                                      {product} {ergonomic}
     bool UseCompressedClassPointers               = true                                 {lp64_product} {ergonomic}
     bool UseCompressedOops                        = true                                 {lp64_product} {ergonomic}
     bool UseG1GC                                  = true                                      {product} {ergonomic}
     bool UseLargePagesIndividualAllocation        = false                                  {pd product} {ergonomic}

Logging:
Log output configuration:
 #0: stdout all=warning uptime,level,tags
 #1: stderr all=off uptime,level,tags

Environment Variables:
JAVA_HOME=C:\Program Files\Java\jdk1.8.0_291
PATH=C:\anaconda;C:\anaconda\Library\mingw-w64\bin;C:\anaconda\Library\usr\bin;C:\anaconda\Library\bin;C:\anaconda\Scripts;C:\Program Files\Java\jdk1.8.0_291\bin;C:\oraclexe\app\oracle\product\11.2.0\server\bin;C:\Program Files (x86)\Common Files\Oracle\Java\javapath;C:\WINDOWS\system32;C:\WINDOWS;C:\WINDOWS\System32\Wbem;C:\WINDOWS\System32\WindowsPowerShell\v1.0\;C:\WINDOWS\System32\OpenSSH\;C:\Program Files\Git\cmd;C:\Program Files (x86)\Brackets\command;C:\Program Files\nodejs\;C:\jiyeon_python\program\mongodb\bin;C:\Apache24\bin;C:\php7.4;C:\Users\82108\AppData\Local\Microsoft\WindowsApps;C:\Users\82108\AppData\Local\Programs\Microsoft VS Code\bin;C:\Program Files\JetBrains\IntelliJ IDEA Community Edition 2020.2.1\bin;;C:\Users\82108\AppData\Roaming\npm;C:\Program Files\heroku\bin
USERNAME=82108
OS=Windows_NT
PROCESSOR_IDENTIFIER=Intel64 Family 6 Model 142 Stepping 12, GenuineIntel



---------------  S Y S T E M  ---------------

OS: Windows 10 , 64 bit Build 19041 (10.0.19041.1348)
OS uptime: 0 days 3:48 hours

CPU:total 8 (initial active 8) (4 cores per cpu, 2 threads per core) family 6 model 142 stepping 12 microcode 0xc6, cmov, cx8, fxsr, mmx, sse, sse2, sse3, ssse3, sse4.1, sse4.2, popcnt, avx, avx2, aes, clmul, erms, 3dnowpref, lzcnt, ht, tsc, tscinvbit, bmi1, bmi2, adx, fma

Memory: 4k page, system-wide physical 7973M (910M free)
TotalPageFile size 9865M (AvailPageFile size 3M)
current process WorkingSet (physical memory assigned to process): 160M, peak: 160M
current process commit charge ("private bytes"): 269M, peak: 269M

vm_info: OpenJDK 64-Bit Server VM (11.0.10+0-b96-7249189) for windows-amd64 JRE (11.0.10+0-b96-7249189), built on Mar 31 2021 21:44:00 by "builder" with MS VC++ 14.0 (VS2015)

END.
